{"meta": {"format": 3, "version": "7.13.0", "timestamp": "2026-03-07T18:00:55.715748", "branch_coverage": false, "show_contexts": false}, "files": {"mysite\\__init__.py": {"executed_lines": [1], "summary": {"covered_lines": 0, "num_statements": 0, "percent_covered": 100.0, "percent_covered_display": "100", "missing_lines": 0, "excluded_lines": 0, "percent_statements_covered": 100.0, "percent_statements_covered_display": "100"}, "missing_lines": [], "excluded_lines": [], "functions": {"": {"executed_lines": [1], "summary": {"covered_lines": 0, "num_statements": 0, "percent_covered": 100.0, "percent_covered_display": "100", "missing_lines": 0, "excluded_lines": 0, "percent_statements_covered": 100.0, "percent_statements_covered_display": "100"}, "missing_lines": [], "excluded_lines": []}}, "classes": {"": {"executed_lines": [1], "summary": {"covered_lines": 0, "num_statements": 0, "percent_covered": 100.0, "percent_covered_display": "100", "missing_lines": 0, "excluded_lines": 0, "percent_statements_covered": 100.0, "percent_statements_covered_display": "100"}, "missing_lines": [], "excluded_lines": []}}}, "mysite\\manage.py": {"executed_lines": [], "summary": {"covered_lines": 0, "num_statements": 14, "percent_covered": 0.0, "percent_covered_display": "0", "missing_lines": 14, "excluded_lines": 0, "percent_statements_covered": 0.0, "percent_statements_covered_display": "0"}, "missing_lines": [2, 3, 4, 6, 9, 10, 12, 13, 14, 15, 16, 19, 21, 22], "excluded_lines": [], "functions": {"main": {"executed_lines": [], "summary": {"covered_lines": 0, "num_statements": 8, "percent_covered": 0.0, "percent_covered_display": "0", "missing_lines": 8, "excluded_lines": 0, "percent_statements_covered": 0.0, "percent_statements_covered_display": "0"}, "missing_lines": [9, 10, 12, 13, 14, 15, 16, 19], "excluded_lines": []}, "": {"executed_lines": [], "summary": {"covered_lines": 0, "num_statements": 6, "percent_covered": 0.0, "percent_covered_display": "0", "missing_lines": 6, "excluded_lines": 0, "percent_statements_covered": 0.0, "percent_statements_covered_display": "0"}, "missing_lines": [2, 3, 4, 6, 21, 22], "excluded_lines": []}}, "classes": {"": {"executed_lines": [], "summary": {"covered_lines": 0, "num_statements": 14, "percent_covered": 0.0, "percent_covered_display": "0", "missing_lines": 14, "excluded_lines": 0, "percent_statements_covered": 0.0, "percent_statements_covered_display": "0"}, "missing_lines": [2, 3, 4, 6, 9, 10, 12, 13, 14, 15, 16, 19, 21, 22], "excluded_lines": []}}}, "mysite\\settings.py": {"executed_lines": [1, 13, 16, 27, 34, 37, 39, 43, 53, 63, 65, 81, 87, 98, 117, 119, 121, 123, 129, 130, 136, 156, 159, 160, 165], "summary": {"covered_lines": 24, "num_statements": 24, "percent_covered": 100.0, "percent_covered_display": "100", "missing_lines": 0, "excluded_lines": 0, "percent_statements_covered": 100.0, "percent_statements_covered_display": "100"}, "missing_lines": [], "excluded_lines": [], "functions": {"": {"executed_lines": [1, 13, 16, 27, 34, 37, 39, 43, 53, 63, 65, 81, 87, 98, 117, 119, 121, 123, 129, 130, 136, 156, 159, 160, 165], "summary": {"covered_lines": 24, "num_statements": 24, "percent_covered": 100.0, "percent_covered_display": "100", "missing_lines": 0, "excluded_lines": 0, "percent_statements_covered": 100.0, "percent_statements_covered_display": "100"}, "missing_lines": [], "excluded_lines": []}}, "classes": {"": {"executed_lines": [1, 13, 16, 27, 34, 37, 39, 43, 53, 63, 65, 81, 87, 98, 117, 119, 121, 123, 129, 130, 136, 156, 159, 160, 165], "summary": {"covered_lines": 24, "num_statements": 24, "percent_covered": 100.0, "percent_covered_display": "100", "missing_lines": 0, "excluded_lines": 0, "percent_statements_covered": 100.0, "percent_statements_covered_display": "100"}, "missing_lines": [], "excluded_lines": []}}}, "mysite\\universe\\__init__.py": {"executed_lines": [1], "summary": {"covered_lines": 0, "num_statements": 0, "percent_covered": 100.0, "percent_covered_display": "100", "missing_lines": 0, "excluded_lines": 0, "percent_statements_covered": 100.0, "percent_statements_covered_display": "100"}, "missing_lines": [], "excluded_lines": [], "functions": {"": {"executed_lines": [], "summary": {"covered_lines": 0, "num_statements": 0, "percent_covered": 100.0, "percent_covered_display": "100", "missing_lines": 0, "excluded_lines": 0, "percent_statements_covered": 100.0, "percent_statements_covered_display": "100"}, "missing_lines": [], "excluded_lines": []}}, "classes": {"": {"executed_lines": [], "summary": {"covered_lines": 0, "num_statements": 0, "percent_covered": 100.0, "percent_covered_display": "100", "missing_lines": 0, "excluded_lines": 0, "percent_statements_covered": 100.0, "percent_statements_covered_display": "100"}, "missing_lines": [], "excluded_lines": []}}}, "mysite\\universe\\admin.py": {"executed_lines": [1, 2, 8, 9, 10, 11, 12, 13, 14, 15], "summary": {"covered_lines": 10, "num_statements": 10, "percent_covered": 100.0, "percent_covered_display": "100", "missing_lines": 0, "excluded_lines": 0, "percent_statements_covered": 100.0, "percent_statements_covered_display": "100"}, "missing_lines": [], "excluded_lines": [], "functions": {"": {"executed_lines": [1, 2, 8, 9, 10, 11, 12, 13, 14, 15], "summary": {"covered_lines": 10, "num_statements": 10, "percent_covered": 100.0, "percent_covered_display": "100", "missing_lines": 0, "excluded_lines": 0, "percent_statements_covered": 100.0, "percent_statements_covered_display": "100"}, "missing_lines": [], "excluded_lines": []}}, "classes": {"": {"executed_lines": [1, 2, 8, 9, 10, 11, 12, 13, 14, 15], "summary": {"covered_lines": 10, "num_statements": 10, "percent_covered": 100.0, "percent_covered_display": "100", "missing_lines": 0, "excluded_lines": 0, "percent_statements_covered": 100.0, "percent_statements_covered_display": "100"}, "missing_lines": [], "excluded_lines": []}}}, "mysite\\universe\\apps.py": {"executed_lines": [1, 4, 5, 6, 8, 10, 13, 14, 15, 16, 19, 20, 21, 22, 23, 26, 27, 31], "summary": {"covered_lines": 18, "num_statements": 24, "percent_covered": 75.0, "percent_covered_display": "75", "missing_lines": 6, "excluded_lines": 0, "percent_statements_covered": 75.0, "percent_statements_covered_display": "75"}, "missing_lines": [28, 32, 33, 34, 35, 36], "excluded_lines": [], "functions": {"UniverseConfig.ready": {"executed_lines": [10, 13, 14, 15, 16, 19, 20, 21, 22, 23, 26, 27, 31], "summary": {"covered_lines": 13, "num_statements": 19, "percent_covered": 68.42105263157895, "percent_covered_display": "68", "missing_lines": 6, "excluded_lines": 0, "percent_statements_covered": 68.42105263157895, "percent_statements_covered_display": "68"}, "missing_lines": [28, 32, 33, 34, 35, 36], "excluded_lines": []}, "": {"executed_lines": [1, 4, 5, 6, 8], "summary": {"covered_lines": 5, "num_statements": 5, "percent_covered": 100.0, "percent_covered_display": "100", "missing_lines": 0, "excluded_lines": 0, "percent_statements_covered": 100.0, "percent_statements_covered_display": "100"}, "missing_lines": [], "excluded_lines": []}}, "classes": {"UniverseConfig": {"executed_lines": [10, 13, 14, 15, 16, 19, 20, 21, 22, 23, 26, 27, 31], "summary": {"covered_lines": 13, "num_statements": 19, "percent_covered": 68.42105263157895, "percent_covered_display": "68", "missing_lines": 6, "excluded_lines": 0, "percent_statements_covered": 68.42105263157895, "percent_statements_covered_display": "68"}, "missing_lines": [28, 32, 33, 34, 35, 36], "excluded_lines": []}, "": {"executed_lines": [1, 4, 5, 6, 8], "summary": {"covered_lines": 5, "num_statements": 5, "percent_covered": 100.0, "percent_covered_display": "100", "missing_lines": 0, "excluded_lines": 0, "percent_statements_covered": 100.0, "percent_statements_covered_display": "100"}, "missing_lines": [], "excluded_lines": []}}}, "mysite\\universe\\export_xml.py": {"executed_lines": [1, 2, 3, 4, 9, 10, 12, 13, 14, 16, 22, 23, 26, 27, 29, 30, 32, 33, 35, 37, 39, 40, 41, 42, 44, 45, 49, 50, 52, 54, 56, 58, 59, 60, 61, 62, 63, 64, 65, 66, 67, 70, 71, 73, 75, 77, 79, 80, 81, 82, 83, 84, 85, 86, 87, 88, 89, 90, 91, 92, 95, 96, 99, 100, 103, 105, 107, 109, 111, 112, 113, 115, 116, 117, 118, 119, 120, 121, 122, 123, 124, 125, 126, 127, 128, 129, 130, 131, 132, 133, 135, 136, 137, 141, 142, 145, 146, 147, 148, 149, 150, 151, 152, 153, 157, 166, 177, 178, 181, 183, 185, 187, 189, 190, 191, 192, 193, 194, 195, 196, 197, 198, 199, 200, 201, 202, 203, 204, 205, 206, 207, 208, 209, 212, 213, 216, 228, 237, 248, 250, 252, 254, 255, 256, 257, 258, 259, 260, 261, 262], "summary": {"covered_lines": 149, "num_statements": 182, "percent_covered": 81.86813186813187, "percent_covered_display": "82", "missing_lines": 33, "excluded_lines": 0, "percent_statements_covered": 81.86813186813187, "percent_statements_covered_display": "82"}, "missing_lines": [24, 31, 46, 134, 138, 143, 144, 154, 167, 168, 169, 170, 171, 172, 174, 214, 215, 217, 218, 219, 220, 221, 222, 223, 224, 225, 238, 239, 240, 241, 242, 243, 245], "excluded_lines": [], "functions": {"UniverseExporter.__init__": {"executed_lines": [13, 14], "summary": {"covered_lines": 2, "num_statements": 2, "percent_covered": 100.0, "percent_covered_display": "100", "missing_lines": 0, "excluded_lines": 0, "percent_statements_covered": 100.0, "percent_statements_covered_display": "100"}, "missing_lines": [], "excluded_lines": []}, "UniverseExporter.export_universe": {"executed_lines": [22, 23, 26, 27, 29, 30, 32, 33], "summary": {"covered_lines": 8, "num_statements": 10, "percent_covered": 80.0, "percent_covered_display": "80", "missing_lines": 2, "excluded_lines": 0, "percent_statements_covered": 80.0, "percent_statements_covered_display": "80"}, "missing_lines": [24, 31], "excluded_lines": []}, "UniverseExporter.export_galaxy": {"executed_lines": [37, 39, 40, 41, 42, 44, 45, 49, 50, 52], "summary": {"covered_lines": 10, "num_statements": 11, "percent_covered": 90.9090909090909, "percent_covered_display": "91", "missing_lines": 1, "excluded_lines": 0, "percent_statements_covered": 90.9090909090909, "percent_statements_covered_display": "91"}, "missing_lines": [46], "excluded_lines": []}, "UniverseExporter.export_system": {"executed_lines": [56, 58, 59, 60, 61, 62, 63, 64, 65, 66, 67, 70, 71, 73], "summary": {"covered_lines": 14, "num_statements": 14, "percent_covered": 100.0, "percent_covered_display": "100", "missing_lines": 0, "excluded_lines": 0, "percent_statements_covered": 100.0, "percent_statements_covered_display": "100"}, "missing_lines": [], "excluded_lines": []}, "UniverseExporter.export_star": {"executed_lines": [77, 79, 80, 81, 82, 83, 84, 85, 86, 87, 88, 89, 90, 91, 92, 95, 96, 99, 100, 103, 105], "summary": {"covered_lines": 21, "num_statements": 21, "percent_covered": 100.0, "percent_covered_display": "100", "missing_lines": 0, "excluded_lines": 0, "percent_statements_covered": 100.0, "percent_statements_covered_display": "100"}, "missing_lines": [], "excluded_lines": []}, "UniverseExporter.export_planet": {"executed_lines": [109, 111, 112, 113, 115, 116, 117, 118, 119, 120, 121, 122, 123, 124, 125, 126, 127, 128, 129, 130, 131, 132, 133, 135, 136, 137, 141, 142, 145, 146, 147, 148, 149, 150, 151, 152, 153, 157, 166, 177, 178, 181, 183], "summary": {"covered_lines": 43, "num_statements": 55, "percent_covered": 78.18181818181819, "percent_covered_display": "78", "missing_lines": 12, "excluded_lines": 0, "percent_statements_covered": 78.18181818181819, "percent_statements_covered_display": "78"}, "missing_lines": [134, 138, 143, 144, 154, 167, 168, 169, 170, 171, 172, 174], "excluded_lines": []}, "UniverseExporter.export_moon": {"executed_lines": [187, 189, 190, 191, 192, 193, 194, 195, 196, 197, 198, 199, 200, 201, 202, 203, 204, 205, 206, 207, 208, 209, 212, 213, 216, 228, 237, 248, 250], "summary": {"covered_lines": 29, "num_statements": 47, "percent_covered": 61.702127659574465, "percent_covered_display": "62", "missing_lines": 18, "excluded_lines": 0, "percent_statements_covered": 61.702127659574465, "percent_statements_covered_display": "62"}, "missing_lines": [214, 215, 217, 218, 219, 220, 221, 222, 223, 224, 225, 238, 239, 240, 241, 242, 243, 245], "excluded_lines": []}, "UniverseExporter.export_stations": {"executed_lines": [254, 255, 256, 257, 258, 259, 260, 261, 262], "summary": {"covered_lines": 9, "num_statements": 9, "percent_covered": 100.0, "percent_covered_display": "100", "missing_lines": 0, "excluded_lines": 0, "percent_statements_covered": 100.0, "percent_statements_covered_display": "100"}, "missing_lines": [], "excluded_lines": []}, "": {"executed_lines": [1, 2, 3, 4, 9, 10, 12, 16, 35, 54, 75, 107, 185, 252], "summary": {"covered_lines": 13, "num_statements": 13, "percent_covered": 100.0, "percent_covered_display": "100", "missing_lines": 0, "excluded_lines": 0, "percent_statements_covered": 100.0, "percent_statements_covered_display": "100"}, "missing_lines": [], "excluded_lines": []}}, "classes": {"UniverseExporter": {"executed_lines": [13, 14, 22, 23, 26, 27, 29, 30, 32, 33, 37, 39, 40, 41, 42, 44, 45, 49, 50, 52, 56, 58, 59, 60, 61, 62, 63, 64, 65, 66, 67, 70, 71, 73, 77, 79, 80, 81, 82, 83, 84, 85, 86, 87, 88, 89, 90, 91, 92, 95, 96, 99, 100, 103, 105, 109, 111, 112, 113, 115, 116, 117, 118, 119, 120, 121, 122, 123, 124, 125, 126, 127, 128, 129, 130, 131, 132, 133, 135, 136, 137, 141, 142, 145, 146, 147, 148, 149, 150, 151, 152, 153, 157, 166, 177, 178, 181, 183, 187, 189, 190, 191, 192, 193, 194, 195, 196, 197, 198, 199, 200, 201, 202, 203, 204, 205, 206, 207, 208, 209, 212, 213, 216, 228, 237, 248, 250, 254, 255, 256, 257, 258, 259, 260, 261, 262], "summary": {"covered_lines": 136, "num_statements": 169, "percent_covered": 80.4733727810651, "percent_covered_display": "80", "missing_lines": 33, "excluded_lines": 0, "percent_statements_covered": 80.4733727810651, "percent_statements_covered_display": "80"}, "missing_lines": [24, 31, 46, 134, 138, 143, 144, 154, 167, 168, 169, 170, 171, 172, 174, 214, 215, 217, 218, 219, 220, 221, 222, 223, 224, 225, 238, 239, 240, 241, 242, 243, 245], "excluded_lines": []}, "": {"executed_lines": [1, 2, 3, 4, 9, 10, 12, 16, 35, 54, 75, 107, 185, 252], "summary": {"covered_lines": 13, "num_statements": 13, "percent_covered": 100.0, "percent_covered_display": "100", "missing_lines": 0, "excluded_lines": 0, "percent_statements_covered": 100.0, "percent_statements_covered_display": "100"}, "missing_lines": [], "excluded_lines": []}}}, "mysite\\universe\\import_xml.py": {"executed_lines": [1, 2, 3, 4, 5, 9, 11, 12, 14, 15, 16, 17, 19, 34, 36, 37, 38, 39, 41, 47, 48, 50, 56, 57, 58, 59, 60, 61, 62, 63, 65, 67, 73, 74, 76, 77, 78, 81, 82, 85, 86, 87, 88, 89, 90, 92, 94, 95, 104, 105, 106, 107, 108, 109, 111, 113, 114, 116, 118, 120, 121, 130, 131, 132, 133, 134, 135, 138, 139, 141, 142, 144, 145, 147, 149, 151, 152, 162, 163, 164, 165, 166, 168, 169, 170, 171, 172, 173, 174, 175, 176, 177, 179, 181, 183, 184, 185, 186, 187, 189, 191, 193, 194, 203, 204, 205, 207, 208, 210, 211, 212, 213, 214, 215, 216, 217, 218, 219, 220, 221, 222, 223, 224, 225, 226, 228, 230, 232, 235, 236, 237, 238, 239, 240, 251, 252, 253, 254, 255, 256, 257, 259, 261, 263, 264, 265, 267, 269, 271, 272, 273, 282, 283, 284, 286, 287, 288, 289, 290, 291, 292, 293, 294, 295, 296, 297, 298, 299, 300, 301, 302, 303, 304, 306, 308, 310, 313, 314, 339, 341, 343], "summary": {"covered_lines": 180, "num_statements": 203, "percent_covered": 88.66995073891626, "percent_covered_display": "89", "missing_lines": 23, "excluded_lines": 0, "percent_statements_covered": 88.66995073891626, "percent_statements_covered_display": "89"}, "missing_lines": [24, 32, 64, 227, 229, 231, 258, 305, 307, 309, 315, 316, 317, 318, 329, 330, 331, 332, 333, 334, 335, 336, 337], "excluded_lines": [], "functions": {"UniverseImporter.__init__": {"executed_lines": [15, 16, 17], "summary": {"covered_lines": 3, "num_statements": 3, "percent_covered": 100.0, "percent_covered_display": "100", "missing_lines": 0, "excluded_lines": 0, "percent_statements_covered": 100.0, "percent_statements_covered_display": "100"}, "missing_lines": [], "excluded_lines": []}, "UniverseImporter.count_objects": {"executed_lines": [], "summary": {"covered_lines": 0, "num_statements": 2, "percent_covered": 0.0, "percent_covered_display": "0", "missing_lines": 2, "excluded_lines": 0, "percent_statements_covered": 0.0, "percent_statements_covered_display": "0"}, "missing_lines": [24, 32], "excluded_lines": []}, "UniverseImporter.import_stations": {"executed_lines": [36, 37, 38, 39, 41, 47, 48, 50, 56, 57, 58, 59, 60, 61, 62, 63, 65, 67], "summary": {"covered_lines": 18, "num_statements": 19, "percent_covered": 94.73684210526316, "percent_covered_display": "95", "missing_lines": 1, "excluded_lines": 0, "percent_statements_covered": 94.73684210526316, "percent_statements_covered_display": "95"}, "missing_lines": [64], "excluded_lines": []}, "UniverseImporter.import_universe": {"executed_lines": [76, 77, 78, 81, 82, 85, 86, 87, 88, 89, 90], "summary": {"covered_lines": 11, "num_statements": 11, "percent_covered": 100.0, "percent_covered_display": "100", "missing_lines": 0, "excluded_lines": 0, "percent_statements_covered": 100.0, "percent_statements_covered_display": "100"}, "missing_lines": [], "excluded_lines": []}, "UniverseImporter.import_galaxy": {"executed_lines": [94, 95, 104, 105, 106, 107, 108, 109, 111, 113, 114, 116], "summary": {"covered_lines": 12, "num_statements": 12, "percent_covered": 100.0, "percent_covered_display": "100", "missing_lines": 0, "excluded_lines": 0, "percent_statements_covered": 100.0, "percent_statements_covered_display": "100"}, "missing_lines": [], "excluded_lines": []}, "UniverseImporter.import_system": {"executed_lines": [120, 121, 130, 131, 132, 133, 134, 135, 138, 139, 141, 142, 144, 145, 147], "summary": {"covered_lines": 15, "num_statements": 15, "percent_covered": 100.0, "percent_covered_display": "100", "missing_lines": 0, "excluded_lines": 0, "percent_statements_covered": 100.0, "percent_statements_covered_display": "100"}, "missing_lines": [], "excluded_lines": []}, "UniverseImporter.import_star": {"executed_lines": [151, 152, 162, 163, 164, 165, 166, 168, 169, 170, 171, 172, 173, 174, 175, 176, 177, 179, 181, 183, 184, 185, 186, 187, 189], "summary": {"covered_lines": 25, "num_statements": 25, "percent_covered": 100.0, "percent_covered_display": "100", "missing_lines": 0, "excluded_lines": 0, "percent_statements_covered": 100.0, "percent_statements_covered_display": "100"}, "missing_lines": [], "excluded_lines": []}, "UniverseImporter.import_planet": {"executed_lines": [193, 194, 203, 204, 205, 207, 208, 210, 211, 212, 213, 214, 215, 216, 217, 218, 219, 220, 221, 222, 223, 224, 225, 226, 228, 230, 232, 235, 236, 237, 238, 239, 240, 251, 252, 253, 254, 255, 256, 257, 259, 261, 263, 264, 265, 267], "summary": {"covered_lines": 46, "num_statements": 50, "percent_covered": 92.0, "percent_covered_display": "92", "missing_lines": 4, "excluded_lines": 0, "percent_statements_covered": 92.0, "percent_statements_covered_display": "92"}, "missing_lines": [227, 229, 231, 258], "excluded_lines": []}, "UniverseImporter.import_moon": {"executed_lines": [271, 272, 273, 282, 283, 284, 286, 287, 288, 289, 290, 291, 292, 293, 294, 295, 296, 297, 298, 299, 300, 301, 302, 303, 304, 306, 308, 310, 313, 314, 339, 341, 343], "summary": {"covered_lines": 33, "num_statements": 49, "percent_covered": 67.34693877551021, "percent_covered_display": "67", "missing_lines": 16, "excluded_lines": 0, "percent_statements_covered": 67.34693877551021, "percent_statements_covered_display": "67"}, "missing_lines": [305, 307, 309, 315, 316, 317, 318, 329, 330, 331, 332, 333, 334, 335, 336, 337], "excluded_lines": []}, "": {"executed_lines": [1, 2, 3, 4, 5, 9, 11, 12, 14, 19, 34, 73, 74, 92, 118, 149, 191, 269], "summary": {"covered_lines": 17, "num_statements": 17, "percent_covered": 100.0, "percent_covered_display": "100", "missing_lines": 0, "excluded_lines": 0, "percent_statements_covered": 100.0, "percent_statements_covered_display": "100"}, "missing_lines": [], "excluded_lines": []}}, "classes": {"UniverseImporter": {"executed_lines": [15, 16, 17, 36, 37, 38, 39, 41, 47, 48, 50, 56, 57, 58, 59, 60, 61, 62, 63, 65, 67, 76, 77, 78, 81, 82, 85, 86, 87, 88, 89, 90, 94, 95, 104, 105, 106, 107, 108, 109, 111, 113, 114, 116, 120, 121, 130, 131, 132, 133, 134, 135, 138, 139, 141, 142, 144, 145, 147, 151, 152, 162, 163, 164, 165, 166, 168, 169, 170, 171, 172, 173, 174, 175, 176, 177, 179, 181, 183, 184, 185, 186, 187, 189, 193, 194, 203, 204, 205, 207, 208, 210, 211, 212, 213, 214, 215, 216, 217, 218, 219, 220, 221, 222, 223, 224, 225, 226, 228, 230, 232, 235, 236, 237, 238, 239, 240, 251, 252, 253, 254, 255, 256, 257, 259, 261, 263, 264, 265, 267, 271, 272, 273, 282, 283, 284, 286, 287, 288, 289, 290, 291, 292, 293, 294, 295, 296, 297, 298, 299, 300, 301, 302, 303, 304, 306, 308, 310, 313, 314, 339, 341, 343], "summary": {"covered_lines": 163, "num_statements": 186, "percent_covered": 87.63440860215054, "percent_covered_display": "88", "missing_lines": 23, "excluded_lines": 0, "percent_statements_covered": 87.63440860215054, "percent_statements_covered_display": "88"}, "missing_lines": [24, 32, 64, 227, 229, 231, 258, 305, 307, 309, 315, 316, 317, 318, 329, 330, 331, 332, 333, 334, 335, 336, 337], "excluded_lines": []}, "": {"executed_lines": [1, 2, 3, 4, 5, 9, 11, 12, 14, 19, 34, 73, 74, 92, 118, 149, 191, 269], "summary": {"covered_lines": 17, "num_statements": 17, "percent_covered": 100.0, "percent_covered_display": "100", "missing_lines": 0, "excluded_lines": 0, "percent_statements_covered": 100.0, "percent_statements_covered_display": "100"}, "missing_lines": [], "excluded_lines": []}}}, "mysite\\universe\\management\\commands\\audio_worker.py": {"executed_lines": [1, 20, 21, 22, 23, 24, 25, 26, 28, 29, 30, 32, 33, 34, 35, 36, 44, 48, 51, 52, 54, 74, 155, 166, 167, 168, 170, 172, 175, 176, 179, 187, 190, 191, 192, 195, 196, 199, 200, 201, 204, 209, 210, 211, 213, 216, 217, 219, 223, 226, 227, 230, 231, 235, 236, 238, 239, 241, 242, 243, 245, 246, 247, 250, 252, 262, 263, 266, 271, 272, 273, 274, 276, 282, 290, 291, 292, 296, 297, 302, 303, 304, 305, 307, 308, 309, 314, 315, 317, 323, 336, 337, 338, 341, 348, 349, 353, 354, 361, 362, 363, 366, 367, 368, 369, 372, 374, 375, 376, 379, 385, 387, 388, 389, 390, 391, 392, 396, 398, 410, 413, 415, 416, 422, 427, 428, 431, 432, 435, 436, 437, 443, 444, 445, 446, 447, 448, 451, 452, 453, 455, 457, 460, 467, 469, 472, 476, 477, 478, 480, 481, 485, 486, 499, 500, 501, 502, 503, 505, 517, 518, 519, 520, 521, 522, 523, 524, 529, 532, 533, 534, 535, 536, 537, 538, 541, 542, 543, 544, 546, 547, 555, 556, 557, 558, 559, 561, 562, 563, 564, 565, 567, 578, 581, 588, 589, 590, 591, 593, 594, 600, 601, 602, 603, 613, 616, 617, 619], "summary": {"covered_lines": 207, "num_statements": 299, "percent_covered": 69.23076923076923, "percent_covered_display": "69", "missing_lines": 92, "excluded_lines": 0, "percent_statements_covered": 69.23076923076923, "percent_statements_covered_display": "69"}, "missing_lines": [55, 61, 67, 75, 76, 77, 78, 80, 86, 87, 88, 89, 90, 91, 94, 95, 96, 97, 98, 100, 101, 103, 104, 105, 106, 108, 112, 113, 114, 115, 116, 117, 120, 121, 122, 127, 128, 129, 130, 132, 135, 141, 142, 146, 147, 148, 149, 150, 151, 153, 220, 221, 232, 233, 248, 249, 278, 279, 280, 293, 310, 311, 319, 320, 321, 339, 340, 342, 343, 344, 393, 394, 417, 418, 419, 423, 424, 438, 439, 440, 487, 488, 490, 492, 493, 494, 495, 525, 526, 569, 570, 576], "excluded_lines": [], "functions": {"Command.add_arguments": {"executed_lines": [], "summary": {"covered_lines": 0, "num_statements": 3, "percent_covered": 0.0, "percent_covered_display": "0", "missing_lines": 3, "excluded_lines": 0, "percent_statements_covered": 0.0, "percent_statements_covered_display": "0"}, "missing_lines": [55, 61, 67], "excluded_lines": []}, "Command.handle": {"executed_lines": [], "summary": {"covered_lines": 0, "num_statements": 47, "percent_covered": 0.0, "percent_covered_display": "0", "missing_lines": 47, "excluded_lines": 0, "percent_statements_covered": 0.0, "percent_statements_covered_display": "0"}, "missing_lines": [75, 76, 77, 78, 80, 86, 87, 88, 89, 90, 91, 94, 95, 96, 97, 98, 100, 101, 103, 104, 105, 106, 108, 112, 113, 114, 115, 116, 117, 120, 121, 122, 127, 128, 129, 130, 132, 135, 141, 142, 146, 147, 148, 149, 150, 151, 153], "excluded_lines": []}, "Command._warmup_test": {"executed_lines": [166, 167, 168, 170, 172, 175, 176, 179, 187, 190, 191, 192, 195, 196, 199, 200, 201, 204, 209, 210, 211, 213, 216, 217, 219, 223, 226, 227, 230, 231, 235, 236, 238, 239, 241, 242, 243, 245, 246, 247, 250], "summary": {"covered_lines": 41, "num_statements": 47, "percent_covered": 87.23404255319149, "percent_covered_display": "87", "missing_lines": 6, "excluded_lines": 0, "percent_statements_covered": 87.23404255319149, "percent_statements_covered_display": "87"}, "missing_lines": [220, 221, 232, 233, 248, 249], "excluded_lines": []}, "Command._cleanup_stale_locks": {"executed_lines": [262, 263, 266, 271, 272, 273, 274, 276], "summary": {"covered_lines": 8, "num_statements": 11, "percent_covered": 72.72727272727273, "percent_covered_display": "73", "missing_lines": 3, "excluded_lines": 0, "percent_statements_covered": 72.72727272727273, "percent_statements_covered_display": "73"}, "missing_lines": [278, 279, 280], "excluded_lines": []}, "Command._cleanup_old_files": {"executed_lines": [290, 291, 292, 296, 297, 302, 303, 304, 305, 307, 308, 309, 314, 315, 317], "summary": {"covered_lines": 15, "num_statements": 21, "percent_covered": 71.42857142857143, "percent_covered_display": "71", "missing_lines": 6, "excluded_lines": 0, "percent_statements_covered": 71.42857142857143, "percent_statements_covered_display": "71"}, "missing_lines": [293, 310, 311, 319, 320, 321], "excluded_lines": []}, "Command._process_batch": {"executed_lines": [336, 337, 338, 341, 348, 349, 353, 354, 361, 362, 363, 366, 367, 368, 369, 372, 374, 375, 376, 379, 385, 387, 388, 389, 390, 391, 392, 396], "summary": {"covered_lines": 28, "num_statements": 35, "percent_covered": 80.0, "percent_covered_display": "80", "missing_lines": 7, "excluded_lines": 0, "percent_statements_covered": 80.0, "percent_statements_covered_display": "80"}, "missing_lines": [339, 340, 342, 343, 344, 393, 394], "excluded_lines": []}, "Command._render_event": {"executed_lines": [410, 413, 415, 416, 422, 427, 428, 431, 432, 435, 436, 437, 443, 444, 445, 446, 447, 448, 451, 452, 453, 455, 457, 460, 467, 469, 472, 476, 477, 478, 480, 481, 485, 486, 499, 500, 501, 502, 503], "summary": {"covered_lines": 39, "num_statements": 54, "percent_covered": 72.22222222222223, "percent_covered_display": "72", "missing_lines": 15, "excluded_lines": 0, "percent_statements_covered": 72.22222222222223, "percent_statements_covered_display": "72"}, "missing_lines": [417, 418, 419, 423, 424, 438, 439, 440, 487, 488, 490, 492, 493, 494, 495], "excluded_lines": []}, "Command._mix_audio": {"executed_lines": [517, 518, 519, 520, 521, 522, 523, 524, 529, 532, 533, 534, 535, 536, 537, 538, 541, 542, 543, 544, 546, 547, 555, 556, 557, 558, 559, 561, 562, 563, 564, 565, 567, 578, 581, 588, 589, 590, 591, 593, 594, 600, 601, 602, 603, 613, 616, 617, 619], "summary": {"covered_lines": 49, "num_statements": 54, "percent_covered": 90.74074074074075, "percent_covered_display": "91", "missing_lines": 5, "excluded_lines": 0, "percent_statements_covered": 90.74074074074075, "percent_statements_covered_display": "91"}, "missing_lines": [525, 526, 569, 570, 576], "excluded_lines": []}, "": {"executed_lines": [1, 20, 21, 22, 23, 24, 25, 26, 28, 29, 30, 32, 33, 34, 35, 36, 44, 48, 51, 52, 54, 74, 155, 252, 282, 323, 398, 505], "summary": {"covered_lines": 27, "num_statements": 27, "percent_covered": 100.0, "percent_covered_display": "100", "missing_lines": 0, "excluded_lines": 0, "percent_statements_covered": 100.0, "percent_statements_covered_display": "100"}, "missing_lines": [], "excluded_lines": []}}, "classes": {"Command": {"executed_lines": [166, 167, 168, 170, 172, 175, 176, 179, 187, 190, 191, 192, 195, 196, 199, 200, 201, 204, 209, 210, 211, 213, 216, 217, 219, 223, 226, 227, 230, 231, 235, 236, 238, 239, 241, 242, 243, 245, 246, 247, 250, 262, 263, 266, 271, 272, 273, 274, 276, 290, 291, 292, 296, 297, 302, 303, 304, 305, 307, 308, 309, 314, 315, 317, 336, 337, 338, 341, 348, 349, 353, 354, 361, 362, 363, 366, 367, 368, 369, 372, 374, 375, 376, 379, 385, 387, 388, 389, 390, 391, 392, 396, 410, 413, 415, 416, 422, 427, 428, 431, 432, 435, 436, 437, 443, 444, 445, 446, 447, 448, 451, 452, 453, 455, 457, 460, 467, 469, 472, 476, 477, 478, 480, 481, 485, 486, 499, 500, 501, 502, 503, 517, 518, 519, 520, 521, 522, 523, 524, 529, 532, 533, 534, 535, 536, 537, 538, 541, 542, 543, 544, 546, 547, 555, 556, 557, 558, 559, 561, 562, 563, 564, 565, 567, 578, 581, 588, 589, 590, 591, 593, 594, 600, 601, 602, 603, 613, 616, 617, 619], "summary": {"covered_lines": 180, "num_statements": 272, "percent_covered": 66.17647058823529, "percent_covered_display": "66", "missing_lines": 92, "excluded_lines": 0, "percent_statements_covered": 66.17647058823529, "percent_statements_covered_display": "66"}, "missing_lines": [55, 61, 67, 75, 76, 77, 78, 80, 86, 87, 88, 89, 90, 91, 94, 95, 96, 97, 98, 100, 101, 103, 104, 105, 106, 108, 112, 113, 114, 115, 116, 117, 120, 121, 122, 127, 128, 129, 130, 132, 135, 141, 142, 146, 147, 148, 149, 150, 151, 153, 220, 221, 232, 233, 248, 249, 278, 279, 280, 293, 310, 311, 319, 320, 321, 339, 340, 342, 343, 344, 393, 394, 417, 418, 419, 423, 424, 438, 439, 440, 487, 488, 490, 492, 493, 494, 495, 525, 526, 569, 570, 576], "excluded_lines": []}, "": {"executed_lines": [1, 20, 21, 22, 23, 24, 25, 26, 28, 29, 30, 32, 33, 34, 35, 36, 44, 48, 51, 52, 54, 74, 155, 252, 282, 323, 398, 505], "summary": {"covered_lines": 27, "num_statements": 27, "percent_covered": 100.0, "percent_covered_display": "100", "missing_lines": 0, "excluded_lines": 0, "percent_statements_covered": 100.0, "percent_statements_covered_display": "100"}, "missing_lines": [], "excluded_lines": []}}}, "mysite\\universe\\management\\commands\\start_simulation_loop.py": {"executed_lines": [1, 2, 3, 5, 6, 8, 9, 13, 14, 17, 18, 21, 22, 25, 26, 29, 30, 33, 34, 35, 37, 38, 40, 41, 44, 51, 55, 57, 58, 59, 60, 62, 63, 64, 65, 66, 68, 69, 70, 72, 73, 74, 78, 129, 130, 132, 133, 134, 135, 136, 138, 142, 143, 145, 147, 148, 149, 151, 153, 154, 157, 168, 169, 171, 173, 174, 175, 176, 183, 184, 199, 209, 251, 270], "summary": {"covered_lines": 71, "num_statements": 122, "percent_covered": 58.19672131147541, "percent_covered_display": "58", "missing_lines": 51, "excluded_lines": 0, "percent_statements_covered": 58.19672131147541, "percent_statements_covered_display": "58"}, "missing_lines": [42, 46, 47, 48, 49, 53, 75, 76, 80, 81, 82, 83, 86, 87, 88, 89, 91, 92, 93, 95, 99, 101, 124, 125, 126, 155, 178, 179, 206, 207, 223, 225, 226, 228, 230, 231, 232, 233, 235, 238, 239, 242, 243, 245, 246, 249, 261, 262, 263, 264, 266], "excluded_lines": [], "functions": {"dialogue_event_listener": {"executed_lines": [21, 22], "summary": {"covered_lines": 2, "num_statements": 2, "percent_covered": 100.0, "percent_covered_display": "100", "missing_lines": 0, "excluded_lines": 0, "percent_statements_covered": 100.0, "percent_statements_covered_display": "100"}, "missing_lines": [], "excluded_lines": []}, "navigation_event_listener": {"executed_lines": [29, 30], "summary": {"covered_lines": 2, "num_statements": 2, "percent_covered": 100.0, "percent_covered_display": "100", "missing_lines": 0, "excluded_lines": 0, "percent_statements_covered": 100.0, "percent_statements_covered_display": "100"}, "missing_lines": [], "excluded_lines": []}, "Command.__init__": {"executed_lines": [38], "summary": {"covered_lines": 1, "num_statements": 1, "percent_covered": 100.0, "percent_covered_display": "100", "missing_lines": 0, "excluded_lines": 0, "percent_statements_covered": 100.0, "percent_statements_covered_display": "100"}, "missing_lines": [], "excluded_lines": []}, "Command.dialogue_events_received": {"executed_lines": [], "summary": {"covered_lines": 0, "num_statements": 1, "percent_covered": 0.0, "percent_covered_display": "0", "missing_lines": 1, "excluded_lines": 0, "percent_statements_covered": 0.0, "percent_statements_covered_display": "0"}, "missing_lines": [42], "excluded_lines": []}, "Command.handle": {"executed_lines": [], "summary": {"covered_lines": 0, "num_statements": 4, "percent_covered": 0.0, "percent_covered_display": "0", "missing_lines": 4, "excluded_lines": 0, "percent_statements_covered": 0.0, "percent_statements_covered_display": "0"}, "missing_lines": [46, 47, 48, 49], "excluded_lines": []}, "Command.load_initial_events": {"executed_lines": [], "summary": {"covered_lines": 0, "num_statements": 1, "percent_covered": 0.0, "percent_covered_display": "0", "missing_lines": 1, "excluded_lines": 0, "percent_statements_covered": 0.0, "percent_statements_covered_display": "0"}, "missing_lines": [53], "excluded_lines": []}, "Command.start_simulation_loop": {"executed_lines": [57, 58, 59, 60, 62, 63, 64, 65, 66, 68, 69, 70, 72, 73, 74], "summary": {"covered_lines": 15, "num_statements": 17, "percent_covered": 88.23529411764706, "percent_covered_display": "88", "missing_lines": 2, "excluded_lines": 0, "percent_statements_covered": 88.23529411764706, "percent_statements_covered_display": "88"}, "missing_lines": [75, 76], "excluded_lines": []}, "Command.load_test_events": {"executed_lines": [], "summary": {"covered_lines": 0, "num_statements": 17, "percent_covered": 0.0, "percent_covered_display": "0", "missing_lines": 17, "excluded_lines": 0, "percent_statements_covered": 0.0, "percent_statements_covered_display": "0"}, "missing_lines": [80, 81, 82, 83, 86, 87, 88, 89, 91, 92, 93, 95, 99, 101, 124, 125, 126], "excluded_lines": []}, "SimulationQueue.__init__": {"executed_lines": [133, 134, 135, 136], "summary": {"covered_lines": 4, "num_statements": 4, "percent_covered": 100.0, "percent_covered_display": "100", "missing_lines": 0, "excluded_lines": 0, "percent_statements_covered": 100.0, "percent_statements_covered_display": "100"}, "missing_lines": [], "excluded_lines": []}, "SimulationQueue.add_event": {"executed_lines": [142, 143], "summary": {"covered_lines": 2, "num_statements": 2, "percent_covered": 100.0, "percent_covered_display": "100", "missing_lines": 0, "excluded_lines": 0, "percent_statements_covered": 100.0, "percent_statements_covered_display": "100"}, "missing_lines": [], "excluded_lines": []}, "SimulationQueue.peek_next_event": {"executed_lines": [147, 148, 149], "summary": {"covered_lines": 3, "num_statements": 3, "percent_covered": 100.0, "percent_covered_display": "100", "missing_lines": 0, "excluded_lines": 0, "percent_statements_covered": 100.0, "percent_statements_covered_display": "100"}, "missing_lines": [], "excluded_lines": []}, "SimulationQueue.get_next_event": {"executed_lines": [153, 154], "summary": {"covered_lines": 2, "num_statements": 3, "percent_covered": 66.66666666666667, "percent_covered_display": "67", "missing_lines": 1, "excluded_lines": 0, "percent_statements_covered": 66.66666666666667, "percent_statements_covered_display": "67"}, "missing_lines": [155], "excluded_lines": []}, "SimulationQueue.process_due_events": {"executed_lines": [168, 169, 171, 173, 174, 175, 176], "summary": {"covered_lines": 7, "num_statements": 9, "percent_covered": 77.77777777777777, "percent_covered_display": "78", "missing_lines": 2, "excluded_lines": 0, "percent_statements_covered": 77.77777777777777, "percent_statements_covered_display": "78"}, "missing_lines": [178, 179], "excluded_lines": []}, "DemoQueue.__init__": {"executed_lines": [], "summary": {"covered_lines": 0, "num_statements": 2, "percent_covered": 0.0, "percent_covered_display": "0", "missing_lines": 2, "excluded_lines": 0, "percent_statements_covered": 0.0, "percent_statements_covered_display": "0"}, "missing_lines": [206, 207], "excluded_lines": []}, "DemoQueue.process_all_events": {"executed_lines": [], "summary": {"covered_lines": 0, "num_statements": 16, "percent_covered": 0.0, "percent_covered_display": "0", "missing_lines": 16, "excluded_lines": 0, "percent_statements_covered": 0.0, "percent_statements_covered_display": "0"}, "missing_lines": [223, 225, 226, 228, 230, 231, 232, 233, 235, 238, 239, 242, 243, 245, 246, 249], "excluded_lines": []}, "DemoQueue.process_all_events_instant": {"executed_lines": [], "summary": {"covered_lines": 0, "num_statements": 5, "percent_covered": 0.0, "percent_covered_display": "0", "missing_lines": 5, "excluded_lines": 0, "percent_statements_covered": 0.0, "percent_statements_covered_display": "0"}, "missing_lines": [261, 262, 263, 264, 266], "excluded_lines": []}, "": {"executed_lines": [1, 2, 3, 5, 6, 8, 9, 13, 14, 17, 18, 25, 26, 33, 34, 35, 37, 40, 41, 44, 51, 55, 78, 129, 130, 132, 138, 145, 151, 157, 183, 184, 199, 209, 251, 270], "summary": {"covered_lines": 33, "num_statements": 33, "percent_covered": 100.0, "percent_covered_display": "100", "missing_lines": 0, "excluded_lines": 0, "percent_statements_covered": 100.0, "percent_statements_covered_display": "100"}, "missing_lines": [], "excluded_lines": []}}, "classes": {"Command": {"executed_lines": [38, 57, 58, 59, 60, 62, 63, 64, 65, 66, 68, 69, 70, 72, 73, 74], "summary": {"covered_lines": 16, "num_statements": 41, "percent_covered": 39.02439024390244, "percent_covered_display": "39", "missing_lines": 25, "excluded_lines": 0, "percent_statements_covered": 39.02439024390244, "percent_statements_covered_display": "39"}, "missing_lines": [42, 46, 47, 48, 49, 53, 75, 76, 80, 81, 82, 83, 86, 87, 88, 89, 91, 92, 93, 95, 99, 101, 124, 125, 126], "excluded_lines": []}, "SimulationQueue": {"executed_lines": [133, 134, 135, 136, 142, 143, 147, 148, 149, 153, 154, 168, 169, 171, 173, 174, 175, 176], "summary": {"covered_lines": 18, "num_statements": 21, "percent_covered": 85.71428571428571, "percent_covered_display": "86", "missing_lines": 3, "excluded_lines": 0, "percent_statements_covered": 85.71428571428571, "percent_statements_covered_display": "86"}, "missing_lines": [155, 178, 179], "excluded_lines": []}, "DemoQueue": {"executed_lines": [], "summary": {"covered_lines": 0, "num_statements": 23, "percent_covered": 0.0, "percent_covered_display": "0", "missing_lines": 23, "excluded_lines": 0, "percent_statements_covered": 0.0, "percent_statements_covered_display": "0"}, "missing_lines": [206, 207, 223, 225, 226, 228, 230, 231, 232, 233, 235, 238, 239, 242, 243, 245, 246, 249, 261, 262, 263, 264, 266], "excluded_lines": []}, "": {"executed_lines": [1, 2, 3, 5, 6, 8, 9, 13, 14, 17, 18, 21, 22, 25, 26, 29, 30, 33, 34, 35, 37, 40, 41, 44, 51, 55, 78, 129, 130, 132, 138, 145, 151, 157, 183, 184, 199, 209, 251, 270], "summary": {"covered_lines": 37, "num_statements": 37, "percent_covered": 100.0, "percent_covered_display": "100", "missing_lines": 0, "excluded_lines": 0, "percent_statements_covered": 100.0, "percent_statements_covered_display": "100"}, "missing_lines": [], "excluded_lines": []}}}, "mysite\\universe\\migrations\\0001_initial_squashed_0013_alter_moon_moon_type.py": {"executed_lines": [3, 4, 7, 9, 28, 32], "summary": {"covered_lines": 6, "num_statements": 6, "percent_covered": 100.0, "percent_covered_display": "100", "missing_lines": 0, "excluded_lines": 0, "percent_statements_covered": 100.0, "percent_statements_covered_display": "100"}, "missing_lines": [], "excluded_lines": [], "functions": {"": {"executed_lines": [3, 4, 7, 9, 28, 32], "summary": {"covered_lines": 6, "num_statements": 6, "percent_covered": 100.0, "percent_covered_display": "100", "missing_lines": 0, "excluded_lines": 0, "percent_statements_covered": 100.0, "percent_statements_covered_display": "100"}, "missing_lines": [], "excluded_lines": []}}, "classes": {"Migration": {"executed_lines": [], "summary": {"covered_lines": 0, "num_statements": 0, "percent_covered": 100.0, "percent_covered_display": "100", "missing_lines": 0, "excluded_lines": 0, "percent_statements_covered": 100.0, "percent_statements_covered_display": "100"}, "missing_lines": [], "excluded_lines": []}, "": {"executed_lines": [3, 4, 7, 9, 28, 32], "summary": {"covered_lines": 6, "num_statements": 6, "percent_covered": 100.0, "percent_covered_display": "100", "missing_lines": 0, "excluded_lines": 0, "percent_statements_covered": 100.0, "percent_statements_covered_display": "100"}, "missing_lines": [], "excluded_lines": []}}}, "mysite\\universe\\migrations\\0014_add_galactic_coordinates_to_starsystem.py": {"executed_lines": [3, 6, 8, 12], "summary": {"covered_lines": 4, "num_statements": 4, "percent_covered": 100.0, "percent_covered_display": "100", "missing_lines": 0, "excluded_lines": 0, "percent_statements_covered": 100.0, "percent_statements_covered_display": "100"}, "missing_lines": [], "excluded_lines": [], "functions": {"": {"executed_lines": [3, 6, 8, 12], "summary": {"covered_lines": 4, "num_statements": 4, "percent_covered": 100.0, "percent_covered_display": "100", "missing_lines": 0, "excluded_lines": 0, "percent_statements_covered": 100.0, "percent_statements_covered_display": "100"}, "missing_lines": [], "excluded_lines": []}}, "classes": {"Migration": {"executed_lines": [], "summary": {"covered_lines": 0, "num_statements": 0, "percent_covered": 100.0, "percent_covered_display": "100", "missing_lines": 0, "excluded_lines": 0, "percent_statements_covered": 100.0, "percent_statements_covered_display": "100"}, "missing_lines": [], "excluded_lines": []}, "": {"executed_lines": [3, 6, 8, 12], "summary": {"covered_lines": 4, "num_statements": 4, "percent_covered": 100.0, "percent_covered_display": "100", "missing_lines": 0, "excluded_lines": 0, "percent_statements_covered": 100.0, "percent_statements_covered_display": "100"}, "missing_lines": [], "excluded_lines": []}}}, "mysite\\universe\\migrations\\0015_add_simulation_state.py": {"executed_lines": [3, 6, 8, 12], "summary": {"covered_lines": 4, "num_statements": 4, "percent_covered": 100.0, "percent_covered_display": "100", "missing_lines": 0, "excluded_lines": 0, "percent_statements_covered": 100.0, "percent_statements_covered_display": "100"}, "missing_lines": [], "excluded_lines": [], "functions": {"": {"executed_lines": [3, 6, 8, 12], "summary": {"covered_lines": 4, "num_statements": 4, "percent_covered": 100.0, "percent_covered_display": "100", "missing_lines": 0, "excluded_lines": 0, "percent_statements_covered": 100.0, "percent_statements_covered_display": "100"}, "missing_lines": [], "excluded_lines": []}}, "classes": {"Migration": {"executed_lines": [], "summary": {"covered_lines": 0, "num_statements": 0, "percent_covered": 100.0, "percent_covered_display": "100", "missing_lines": 0, "excluded_lines": 0, "percent_statements_covered": 100.0, "percent_statements_covered_display": "100"}, "missing_lines": [], "excluded_lines": []}, "": {"executed_lines": [3, 6, 8, 12], "summary": {"covered_lines": 4, "num_statements": 4, "percent_covered": 100.0, "percent_covered_display": "100", "missing_lines": 0, "excluded_lines": 0, "percent_statements_covered": 100.0, "percent_statements_covered_display": "100"}, "missing_lines": [], "excluded_lines": []}}}, "mysite\\universe\\migrations\\0016_make_location_name_unique.py": {"executed_lines": [3, 6, 8, 12], "summary": {"covered_lines": 4, "num_statements": 4, "percent_covered": 100.0, "percent_covered_display": "100", "missing_lines": 0, "excluded_lines": 0, "percent_statements_covered": 100.0, "percent_statements_covered_display": "100"}, "missing_lines": [], "excluded_lines": [], "functions": {"": {"executed_lines": [3, 6, 8, 12], "summary": {"covered_lines": 4, "num_statements": 4, "percent_covered": 100.0, "percent_covered_display": "100", "missing_lines": 0, "excluded_lines": 0, "percent_statements_covered": 100.0, "percent_statements_covered_display": "100"}, "missing_lines": [], "excluded_lines": []}}, "classes": {"Migration": {"executed_lines": [], "summary": {"covered_lines": 0, "num_statements": 0, "percent_covered": 100.0, "percent_covered_display": "100", "missing_lines": 0, "excluded_lines": 0, "percent_statements_covered": 100.0, "percent_statements_covered_display": "100"}, "missing_lines": [], "excluded_lines": []}, "": {"executed_lines": [3, 6, 8, 12], "summary": {"covered_lines": 4, "num_statements": 4, "percent_covered": 100.0, "percent_covered_display": "100", "missing_lines": 0, "excluded_lines": 0, "percent_statements_covered": 100.0, "percent_statements_covered_display": "100"}, "missing_lines": [], "excluded_lines": []}}}, "mysite\\universe\\migrations\\0017_add_audio_profile.py": {"executed_lines": [3, 4, 7, 9, 13], "summary": {"covered_lines": 5, "num_statements": 5, "percent_covered": 100.0, "percent_covered_display": "100", "missing_lines": 0, "excluded_lines": 0, "percent_statements_covered": 100.0, "percent_statements_covered_display": "100"}, "missing_lines": [], "excluded_lines": [], "functions": {"": {"executed_lines": [3, 4, 7, 9, 13], "summary": {"covered_lines": 5, "num_statements": 5, "percent_covered": 100.0, "percent_covered_display": "100", "missing_lines": 0, "excluded_lines": 0, "percent_statements_covered": 100.0, "percent_statements_covered_display": "100"}, "missing_lines": [], "excluded_lines": []}}, "classes": {"Migration": {"executed_lines": [], "summary": {"covered_lines": 0, "num_statements": 0, "percent_covered": 100.0, "percent_covered_display": "100", "missing_lines": 0, "excluded_lines": 0, "percent_statements_covered": 100.0, "percent_statements_covered_display": "100"}, "missing_lines": [], "excluded_lines": []}, "": {"executed_lines": [3, 4, 7, 9, 13], "summary": {"covered_lines": 5, "num_statements": 5, "percent_covered": 100.0, "percent_covered_display": "100", "missing_lines": 0, "excluded_lines": 0, "percent_statements_covered": 100.0, "percent_statements_covered_display": "100"}, "missing_lines": [], "excluded_lines": []}}}, "mysite\\universe\\migrations\\0018_refactor_audio_profile_to_json.py": {"executed_lines": [3, 6, 8, 12], "summary": {"covered_lines": 4, "num_statements": 4, "percent_covered": 100.0, "percent_covered_display": "100", "missing_lines": 0, "excluded_lines": 0, "percent_statements_covered": 100.0, "percent_statements_covered_display": "100"}, "missing_lines": [], "excluded_lines": [], "functions": {"": {"executed_lines": [3, 6, 8, 12], "summary": {"covered_lines": 4, "num_statements": 4, "percent_covered": 100.0, "percent_covered_display": "100", "missing_lines": 0, "excluded_lines": 0, "percent_statements_covered": 100.0, "percent_statements_covered_display": "100"}, "missing_lines": [], "excluded_lines": []}}, "classes": {"Migration": {"executed_lines": [], "summary": {"covered_lines": 0, "num_statements": 0, "percent_covered": 100.0, "percent_covered_display": "100", "missing_lines": 0, "excluded_lines": 0, "percent_statements_covered": 100.0, "percent_statements_covered_display": "100"}, "missing_lines": [], "excluded_lines": []}, "": {"executed_lines": [3, 6, 8, 12], "summary": {"covered_lines": 4, "num_statements": 4, "percent_covered": 100.0, "percent_covered_display": "100", "missing_lines": 0, "excluded_lines": 0, "percent_statements_covered": 100.0, "percent_statements_covered_display": "100"}, "missing_lines": [], "excluded_lines": []}}}, "mysite\\universe\\migrations\\0019_add_metadata_to_dialogue_event_log.py": {"executed_lines": [3, 6, 8, 12], "summary": {"covered_lines": 4, "num_statements": 4, "percent_covered": 100.0, "percent_covered_display": "100", "missing_lines": 0, "excluded_lines": 0, "percent_statements_covered": 100.0, "percent_statements_covered_display": "100"}, "missing_lines": [], "excluded_lines": [], "functions": {"": {"executed_lines": [3, 6, 8, 12], "summary": {"covered_lines": 4, "num_statements": 4, "percent_covered": 100.0, "percent_covered_display": "100", "missing_lines": 0, "excluded_lines": 0, "percent_statements_covered": 100.0, "percent_statements_covered_display": "100"}, "missing_lines": [], "excluded_lines": []}}, "classes": {"Migration": {"executed_lines": [], "summary": {"covered_lines": 0, "num_statements": 0, "percent_covered": 100.0, "percent_covered_display": "100", "missing_lines": 0, "excluded_lines": 0, "percent_statements_covered": 100.0, "percent_statements_covered_display": "100"}, "missing_lines": [], "excluded_lines": []}, "": {"executed_lines": [3, 6, 8, 12], "summary": {"covered_lines": 4, "num_statements": 4, "percent_covered": 100.0, "percent_covered_display": "100", "missing_lines": 0, "excluded_lines": 0, "percent_statements_covered": 100.0, "percent_statements_covered_display": "100"}, "missing_lines": [], "excluded_lines": []}}}, "mysite\\universe\\migrations\\0020_add_orbital_distance_km_to_station.py": {"executed_lines": [3, 6, 8, 12], "summary": {"covered_lines": 4, "num_statements": 4, "percent_covered": 100.0, "percent_covered_display": "100", "missing_lines": 0, "excluded_lines": 0, "percent_statements_covered": 100.0, "percent_statements_covered_display": "100"}, "missing_lines": [], "excluded_lines": [], "functions": {"": {"executed_lines": [3, 6, 8, 12], "summary": {"covered_lines": 4, "num_statements": 4, "percent_covered": 100.0, "percent_covered_display": "100", "missing_lines": 0, "excluded_lines": 0, "percent_statements_covered": 100.0, "percent_statements_covered_display": "100"}, "missing_lines": [], "excluded_lines": []}}, "classes": {"Migration": {"executed_lines": [], "summary": {"covered_lines": 0, "num_statements": 0, "percent_covered": 100.0, "percent_covered_display": "100", "missing_lines": 0, "excluded_lines": 0, "percent_statements_covered": 100.0, "percent_statements_covered_display": "100"}, "missing_lines": [], "excluded_lines": []}, "": {"executed_lines": [3, 6, 8, 12], "summary": {"covered_lines": 4, "num_statements": 4, "percent_covered": 100.0, "percent_covered_display": "100", "missing_lines": 0, "excluded_lines": 0, "percent_statements_covered": 100.0, "percent_statements_covered_display": "100"}, "missing_lines": [], "excluded_lines": []}}}, "mysite\\universe\\migrations\\0021_add_location_to_satellite.py": {"executed_lines": [3, 4, 7, 9, 13], "summary": {"covered_lines": 5, "num_statements": 5, "percent_covered": 100.0, "percent_covered_display": "100", "missing_lines": 0, "excluded_lines": 0, "percent_statements_covered": 100.0, "percent_statements_covered_display": "100"}, "missing_lines": [], "excluded_lines": [], "functions": {"": {"executed_lines": [3, 4, 7, 9, 13], "summary": {"covered_lines": 5, "num_statements": 5, "percent_covered": 100.0, "percent_covered_display": "100", "missing_lines": 0, "excluded_lines": 0, "percent_statements_covered": 100.0, "percent_statements_covered_display": "100"}, "missing_lines": [], "excluded_lines": []}}, "classes": {"Migration": {"executed_lines": [], "summary": {"covered_lines": 0, "num_statements": 0, "percent_covered": 100.0, "percent_covered_display": "100", "missing_lines": 0, "excluded_lines": 0, "percent_statements_covered": 100.0, "percent_statements_covered_display": "100"}, "missing_lines": [], "excluded_lines": []}, "": {"executed_lines": [3, 4, 7, 9, 13], "summary": {"covered_lines": 5, "num_statements": 5, "percent_covered": 100.0, "percent_covered_display": "100", "missing_lines": 0, "excluded_lines": 0, "percent_statements_covered": 100.0, "percent_statements_covered_display": "100"}, "missing_lines": [], "excluded_lines": []}}}, "mysite\\universe\\migrations\\0022_add_luminosity_solar_to_star.py": {"executed_lines": [3, 6, 8, 12], "summary": {"covered_lines": 4, "num_statements": 4, "percent_covered": 100.0, "percent_covered_display": "100", "missing_lines": 0, "excluded_lines": 0, "percent_statements_covered": 100.0, "percent_statements_covered_display": "100"}, "missing_lines": [], "excluded_lines": [], "functions": {"": {"executed_lines": [3, 6, 8, 12], "summary": {"covered_lines": 4, "num_statements": 4, "percent_covered": 100.0, "percent_covered_display": "100", "missing_lines": 0, "excluded_lines": 0, "percent_statements_covered": 100.0, "percent_statements_covered_display": "100"}, "missing_lines": [], "excluded_lines": []}}, "classes": {"Migration": {"executed_lines": [], "summary": {"covered_lines": 0, "num_statements": 0, "percent_covered": 100.0, "percent_covered_display": "100", "missing_lines": 0, "excluded_lines": 0, "percent_statements_covered": 100.0, "percent_statements_covered_display": "100"}, "missing_lines": [], "excluded_lines": []}, "": {"executed_lines": [3, 6, 8, 12], "summary": {"covered_lines": 4, "num_statements": 4, "percent_covered": 100.0, "percent_covered_display": "100", "missing_lines": 0, "excluded_lines": 0, "percent_statements_covered": 100.0, "percent_statements_covered_display": "100"}, "missing_lines": [], "excluded_lines": []}}}, "mysite\\universe\\migrations\\0023_dialogueeventlog_actor_and_more.py": {"executed_lines": [3, 4, 7, 9, 13], "summary": {"covered_lines": 5, "num_statements": 5, "percent_covered": 100.0, "percent_covered_display": "100", "missing_lines": 0, "excluded_lines": 0, "percent_statements_covered": 100.0, "percent_statements_covered_display": "100"}, "missing_lines": [], "excluded_lines": [], "functions": {"": {"executed_lines": [3, 4, 7, 9, 13], "summary": {"covered_lines": 5, "num_statements": 5, "percent_covered": 100.0, "percent_covered_display": "100", "missing_lines": 0, "excluded_lines": 0, "percent_statements_covered": 100.0, "percent_statements_covered_display": "100"}, "missing_lines": [], "excluded_lines": []}}, "classes": {"Migration": {"executed_lines": [], "summary": {"covered_lines": 0, "num_statements": 0, "percent_covered": 100.0, "percent_covered_display": "100", "missing_lines": 0, "excluded_lines": 0, "percent_statements_covered": 100.0, "percent_statements_covered_display": "100"}, "missing_lines": [], "excluded_lines": []}, "": {"executed_lines": [3, 4, 7, 9, 13], "summary": {"covered_lines": 5, "num_statements": 5, "percent_covered": 100.0, "percent_covered_display": "100", "missing_lines": 0, "excluded_lines": 0, "percent_statements_covered": 100.0, "percent_statements_covered_display": "100"}, "missing_lines": [], "excluded_lines": []}}}, "mysite\\universe\\migrations\\0024_remove_ship_status.py": {"executed_lines": [3, 6, 8, 12], "summary": {"covered_lines": 4, "num_statements": 4, "percent_covered": 100.0, "percent_covered_display": "100", "missing_lines": 0, "excluded_lines": 0, "percent_statements_covered": 100.0, "percent_statements_covered_display": "100"}, "missing_lines": [], "excluded_lines": [], "functions": {"": {"executed_lines": [3, 6, 8, 12], "summary": {"covered_lines": 4, "num_statements": 4, "percent_covered": 100.0, "percent_covered_display": "100", "missing_lines": 0, "excluded_lines": 0, "percent_statements_covered": 100.0, "percent_statements_covered_display": "100"}, "missing_lines": [], "excluded_lines": []}}, "classes": {"Migration": {"executed_lines": [], "summary": {"covered_lines": 0, "num_statements": 0, "percent_covered": 100.0, "percent_covered_display": "100", "missing_lines": 0, "excluded_lines": 0, "percent_statements_covered": 100.0, "percent_statements_covered_display": "100"}, "missing_lines": [], "excluded_lines": []}, "": {"executed_lines": [3, 6, 8, 12], "summary": {"covered_lines": 4, "num_statements": 4, "percent_covered": 100.0, "percent_covered_display": "100", "missing_lines": 0, "excluded_lines": 0, "percent_statements_covered": 100.0, "percent_statements_covered_display": "100"}, "missing_lines": [], "excluded_lines": []}}}, "mysite\\universe\\migrations\\0025_add_audio_pregeneration_fields.py": {"executed_lines": [3, 6, 8, 12], "summary": {"covered_lines": 4, "num_statements": 4, "percent_covered": 100.0, "percent_covered_display": "100", "missing_lines": 0, "excluded_lines": 0, "percent_statements_covered": 100.0, "percent_statements_covered_display": "100"}, "missing_lines": [], "excluded_lines": [], "functions": {"": {"executed_lines": [3, 6, 8, 12], "summary": {"covered_lines": 4, "num_statements": 4, "percent_covered": 100.0, "percent_covered_display": "100", "missing_lines": 0, "excluded_lines": 0, "percent_statements_covered": 100.0, "percent_statements_covered_display": "100"}, "missing_lines": [], "excluded_lines": []}}, "classes": {"Migration": {"executed_lines": [], "summary": {"covered_lines": 0, "num_statements": 0, "percent_covered": 100.0, "percent_covered_display": "100", "missing_lines": 0, "excluded_lines": 0, "percent_statements_covered": 100.0, "percent_statements_covered_display": "100"}, "missing_lines": [], "excluded_lines": []}, "": {"executed_lines": [3, 6, 8, 12], "summary": {"covered_lines": 4, "num_statements": 4, "percent_covered": 100.0, "percent_covered_display": "100", "missing_lines": 0, "excluded_lines": 0, "percent_statements_covered": 100.0, "percent_statements_covered_display": "100"}, "missing_lines": [], "excluded_lines": []}}}, "mysite\\universe\\migrations\\0026_add_audio_generating_lock.py": {"executed_lines": [3, 6, 8, 12], "summary": {"covered_lines": 4, "num_statements": 4, "percent_covered": 100.0, "percent_covered_display": "100", "missing_lines": 0, "excluded_lines": 0, "percent_statements_covered": 100.0, "percent_statements_covered_display": "100"}, "missing_lines": [], "excluded_lines": [], "functions": {"": {"executed_lines": [3, 6, 8, 12], "summary": {"covered_lines": 4, "num_statements": 4, "percent_covered": 100.0, "percent_covered_display": "100", "missing_lines": 0, "excluded_lines": 0, "percent_statements_covered": 100.0, "percent_statements_covered_display": "100"}, "missing_lines": [], "excluded_lines": []}}, "classes": {"Migration": {"executed_lines": [], "summary": {"covered_lines": 0, "num_statements": 0, "percent_covered": 100.0, "percent_covered_display": "100", "missing_lines": 0, "excluded_lines": 0, "percent_statements_covered": 100.0, "percent_statements_covered_display": "100"}, "missing_lines": [], "excluded_lines": []}, "": {"executed_lines": [3, 6, 8, 12], "summary": {"covered_lines": 4, "num_statements": 4, "percent_covered": 100.0, "percent_covered_display": "100", "missing_lines": 0, "excluded_lines": 0, "percent_statements_covered": 100.0, "percent_statements_covered_display": "100"}, "missing_lines": [], "excluded_lines": []}}}, "mysite\\universe\\migrations\\0027_alter_dialogueeventlog_audio_file.py": {"executed_lines": [3, 6, 8, 12], "summary": {"covered_lines": 4, "num_statements": 4, "percent_covered": 100.0, "percent_covered_display": "100", "missing_lines": 0, "excluded_lines": 0, "percent_statements_covered": 100.0, "percent_statements_covered_display": "100"}, "missing_lines": [], "excluded_lines": [], "functions": {"": {"executed_lines": [3, 6, 8, 12], "summary": {"covered_lines": 4, "num_statements": 4, "percent_covered": 100.0, "percent_covered_display": "100", "missing_lines": 0, "excluded_lines": 0, "percent_statements_covered": 100.0, "percent_statements_covered_display": "100"}, "missing_lines": [], "excluded_lines": []}}, "classes": {"Migration": {"executed_lines": [], "summary": {"covered_lines": 0, "num_statements": 0, "percent_covered": 100.0, "percent_covered_display": "100", "missing_lines": 0, "excluded_lines": 0, "percent_statements_covered": 100.0, "percent_statements_covered_display": "100"}, "missing_lines": [], "excluded_lines": []}, "": {"executed_lines": [3, 6, 8, 12], "summary": {"covered_lines": 4, "num_statements": 4, "percent_covered": 100.0, "percent_covered_display": "100", "missing_lines": 0, "excluded_lines": 0, "percent_statements_covered": 100.0, "percent_statements_covered_display": "100"}, "missing_lines": [], "excluded_lines": []}}}, "mysite\\universe\\migrations\\__init__.py": {"executed_lines": [1], "summary": {"covered_lines": 0, "num_statements": 0, "percent_covered": 100.0, "percent_covered_display": "100", "missing_lines": 0, "excluded_lines": 0, "percent_statements_covered": 100.0, "percent_statements_covered_display": "100"}, "missing_lines": [], "excluded_lines": [], "functions": {"": {"executed_lines": [], "summary": {"covered_lines": 0, "num_statements": 0, "percent_covered": 100.0, "percent_covered_display": "100", "missing_lines": 0, "excluded_lines": 0, "percent_statements_covered": 100.0, "percent_statements_covered_display": "100"}, "missing_lines": [], "excluded_lines": []}}, "classes": {"": {"executed_lines": [], "summary": {"covered_lines": 0, "num_statements": 0, "percent_covered": 100.0, "percent_covered_display": "100", "missing_lines": 0, "excluded_lines": 0, "percent_statements_covered": 100.0, "percent_statements_covered_display": "100"}, "missing_lines": [], "excluded_lines": []}}}, "mysite\\universe\\models\\__init__.py": {"executed_lines": [1, 2, 6, 7, 8, 9, 10, 11, 12, 14], "summary": {"covered_lines": 10, "num_statements": 10, "percent_covered": 100.0, "percent_covered_display": "100", "missing_lines": 0, "excluded_lines": 0, "percent_statements_covered": 100.0, "percent_statements_covered_display": "100"}, "missing_lines": [], "excluded_lines": [], "functions": {"": {"executed_lines": [1, 2, 6, 7, 8, 9, 10, 11, 12, 14], "summary": {"covered_lines": 10, "num_statements": 10, "percent_covered": 100.0, "percent_covered_display": "100", "missing_lines": 0, "excluded_lines": 0, "percent_statements_covered": 100.0, "percent_statements_covered_display": "100"}, "missing_lines": [], "excluded_lines": []}}, "classes": {"": {"executed_lines": [1, 2, 6, 7, 8, 9, 10, 11, 12, 14], "summary": {"covered_lines": 10, "num_statements": 10, "percent_covered": 100.0, "percent_covered_display": "100", "missing_lines": 0, "excluded_lines": 0, "percent_statements_covered": 100.0, "percent_statements_covered_display": "100"}, "missing_lines": [], "excluded_lines": []}}}, "mysite\\universe\\models\\actor.py": {"executed_lines": [1, 8, 10, 11, 12, 14, 17, 19, 20, 27, 30, 32, 33, 35, 37, 38, 40, 41, 43, 45, 47, 48, 50, 56, 60, 61, 81, 82, 87, 88, 89, 90, 91, 93, 94, 96, 97, 98, 99, 100, 103, 104, 105, 106, 107, 108, 109, 111, 112, 116, 117, 118, 125, 127, 128, 137, 138, 155, 156, 159, 160, 163, 164, 165, 166, 167, 169, 170, 172, 173, 174, 176, 177, 178, 179, 180, 181, 182, 184, 185, 187, 188, 189, 190, 191, 194, 195, 197, 198, 199, 200, 201, 202, 203, 206, 208, 209, 210, 211, 212, 214, 217, 218, 220, 221, 224, 234, 241, 243, 251, 261, 262, 274, 275, 276, 277, 280, 281, 282, 284, 286, 287, 288, 289, 290, 291, 292, 294, 295, 297, 298, 299, 300, 301, 304, 305, 307, 308, 309, 310, 311, 312, 313, 315, 317, 318, 329, 330, 333, 335, 336, 338, 347, 357, 360, 362, 363, 368, 369, 379, 380, 382, 383, 384, 386, 388, 389, 390, 391, 392, 393, 394, 396, 397, 399, 400, 401, 402, 403, 407, 408, 410, 411, 412, 413, 414, 417, 419, 420, 424, 425], "summary": {"covered_lines": 185, "num_statements": 219, "percent_covered": 84.47488584474885, "percent_covered_display": "84", "missing_lines": 34, "excluded_lines": 2, "percent_statements_covered": 84.47488584474885, "percent_statements_covered_display": "84"}, "missing_lines": [42, 44, 53, 54, 58, 72, 73, 76, 77, 78, 79, 114, 259, 361, 366, 422, 440, 441, 444, 445, 446, 449, 450, 451, 452, 453, 456, 457, 458, 459, 462, 465, 466, 467], "excluded_lines": [14, 15], "functions": {"Actor.__str__": {"executed_lines": [37, 38], "summary": {"covered_lines": 2, "num_statements": 2, "percent_covered": 100.0, "percent_covered_display": "100", "missing_lines": 0, "excluded_lines": 0, "percent_statements_covered": 100.0, "percent_statements_covered_display": "100"}, "missing_lines": [], "excluded_lines": []}, "Actor.__eq__": {"executed_lines": [41, 43, 45], "summary": {"covered_lines": 3, "num_statements": 5, "percent_covered": 60.0, "percent_covered_display": "60", "missing_lines": 2, "excluded_lines": 0, "percent_statements_covered": 60.0, "percent_statements_covered_display": "60"}, "missing_lines": [42, 44], "excluded_lines": []}, "Actor.__hash__": {"executed_lines": [48], "summary": {"covered_lines": 1, "num_statements": 1, "percent_covered": 100.0, "percent_covered_display": "100", "missing_lines": 0, "excluded_lines": 0, "percent_statements_covered": 100.0, "percent_statements_covered_display": "100"}, "missing_lines": [], "excluded_lines": []}, "Actor.get_identity_prompt": {"executed_lines": [], "summary": {"covered_lines": 0, "num_statements": 2, "percent_covered": 0.0, "percent_covered_display": "0", "missing_lines": 2, "excluded_lines": 0, "percent_statements_covered": 0.0, "percent_statements_covered_display": "0"}, "missing_lines": [53, 54], "excluded_lines": []}, "Actor.get_instruction_prompt": {"executed_lines": [], "summary": {"covered_lines": 0, "num_statements": 1, "percent_covered": 0.0, "percent_covered_display": "0", "missing_lines": 1, "excluded_lines": 0, "percent_statements_covered": 0.0, "percent_statements_covered_display": "0"}, "missing_lines": [58], "excluded_lines": []}, "Actor.create": {"executed_lines": [], "summary": {"covered_lines": 0, "num_statements": 6, "percent_covered": 0.0, "percent_covered_display": "0", "missing_lines": 6, "excluded_lines": 0, "percent_statements_covered": 0.0, "percent_statements_covered_display": "0"}, "missing_lines": [72, 73, 76, 77, 78, 79], "excluded_lines": []}, "Actor.assign_audio_profile": {"executed_lines": [87, 88, 89, 90, 91, 93, 94, 96, 97, 98, 99, 100, 103, 104, 105, 106, 107, 108, 109], "summary": {"covered_lines": 19, "num_statements": 19, "percent_covered": 100.0, "percent_covered_display": "100", "missing_lines": 0, "excluded_lines": 0, "percent_statements_covered": 100.0, "percent_statements_covered_display": "100"}, "missing_lines": [], "excluded_lines": []}, "Actor.generate_name": {"executed_lines": [], "summary": {"covered_lines": 0, "num_statements": 1, "percent_covered": 0.0, "percent_covered_display": "0", "missing_lines": 1, "excluded_lines": 0, "percent_statements_covered": 0.0, "percent_statements_covered_display": "0"}, "missing_lines": [114], "excluded_lines": []}, "Pilot.get_identity_prompt": {"executed_lines": [127, 128], "summary": {"covered_lines": 2, "num_statements": 2, "percent_covered": 100.0, "percent_covered_display": "100", "missing_lines": 0, "excluded_lines": 0, "percent_statements_covered": 100.0, "percent_statements_covered_display": "100"}, "missing_lines": [], "excluded_lines": []}, "Pilot.create": {"executed_lines": [155, 156, 159, 160, 163, 164, 165, 166, 167], "summary": {"covered_lines": 9, "num_statements": 9, "percent_covered": 100.0, "percent_covered_display": "100", "missing_lines": 0, "excluded_lines": 0, "percent_statements_covered": 100.0, "percent_statements_covered_display": "100"}, "missing_lines": [], "excluded_lines": []}, "Pilot.generate_name": {"executed_lines": [172, 173, 174], "summary": {"covered_lines": 3, "num_statements": 3, "percent_covered": 100.0, "percent_covered_display": "100", "missing_lines": 0, "excluded_lines": 0, "percent_statements_covered": 100.0, "percent_statements_covered_display": "100"}, "missing_lines": [], "excluded_lines": []}, "Pilot.assign_audio_profile": {"executed_lines": [178, 179, 180, 181, 182, 184, 185, 187, 188, 189, 190, 191, 194, 195, 197, 198, 199, 200, 201, 202, 203, 206, 208, 209, 210, 211, 212, 214, 217, 218], "summary": {"covered_lines": 30, "num_statements": 30, "percent_covered": 100.0, "percent_covered_display": "100", "missing_lines": 0, "excluded_lines": 0, "percent_statements_covered": 100.0, "percent_statements_covered_display": "100"}, "missing_lines": [], "excluded_lines": []}, "Controller.get_identity_prompt": {"executed_lines": [243], "summary": {"covered_lines": 1, "num_statements": 1, "percent_covered": 100.0, "percent_covered_display": "100", "missing_lines": 0, "excluded_lines": 0, "percent_statements_covered": 100.0, "percent_statements_covered_display": "100"}, "missing_lines": [], "excluded_lines": []}, "Controller.get_concrete_instance": {"executed_lines": [], "summary": {"covered_lines": 0, "num_statements": 1, "percent_covered": 0.0, "percent_covered_display": "0", "missing_lines": 1, "excluded_lines": 0, "percent_statements_covered": 0.0, "percent_statements_covered_display": "0"}, "missing_lines": [259], "excluded_lines": []}, "Controller.create": {"executed_lines": [274, 275, 276, 277, 280, 281, 282, 284], "summary": {"covered_lines": 8, "num_statements": 8, "percent_covered": 100.0, "percent_covered_display": "100", "missing_lines": 0, "excluded_lines": 0, "percent_statements_covered": 100.0, "percent_statements_covered_display": "100"}, "missing_lines": [], "excluded_lines": []}, "Controller.assign_audio_profile": {"executed_lines": [288, 289, 290, 291, 292, 294, 295, 297, 298, 299, 300, 301, 304, 305, 307, 308, 309, 310, 311, 312, 313, 315], "summary": {"covered_lines": 22, "num_statements": 22, "percent_covered": 100.0, "percent_covered_display": "100", "missing_lines": 0, "excluded_lines": 0, "percent_statements_covered": 100.0, "percent_statements_covered_display": "100"}, "missing_lines": [], "excluded_lines": []}, "Controller.generate_name": {"executed_lines": [329, 330, 333], "summary": {"covered_lines": 3, "num_statements": 3, "percent_covered": 100.0, "percent_covered_display": "100", "missing_lines": 0, "excluded_lines": 0, "percent_statements_covered": 100.0, "percent_statements_covered_display": "100"}, "missing_lines": [], "excluded_lines": []}, "Satellite.get_response_message": {"executed_lines": [357, 360, 362, 363], "summary": {"covered_lines": 4, "num_statements": 6, "percent_covered": 66.66666666666667, "percent_covered_display": "67", "missing_lines": 2, "excluded_lines": 0, "percent_statements_covered": 66.66666666666667, "percent_statements_covered_display": "67"}, "missing_lines": [361, 366], "excluded_lines": []}, "Satellite.create": {"executed_lines": [379, 380, 382, 383, 384, 386], "summary": {"covered_lines": 6, "num_statements": 6, "percent_covered": 100.0, "percent_covered_display": "100", "missing_lines": 0, "excluded_lines": 0, "percent_statements_covered": 100.0, "percent_statements_covered_display": "100"}, "missing_lines": [], "excluded_lines": []}, "Satellite.assign_audio_profile": {"executed_lines": [390, 391, 392, 393, 394, 396, 397, 399, 400, 401, 402, 403, 407, 408, 410, 411, 412, 413, 414, 417], "summary": {"covered_lines": 20, "num_statements": 20, "percent_covered": 100.0, "percent_covered_display": "100", "missing_lines": 0, "excluded_lines": 0, "percent_statements_covered": 100.0, "percent_statements_covered_display": "100"}, "missing_lines": [], "excluded_lines": []}, "Satellite.generate_name": {"executed_lines": [], "summary": {"covered_lines": 0, "num_statements": 1, "percent_covered": 0.0, "percent_covered_display": "0", "missing_lines": 1, "excluded_lines": 0, "percent_statements_covered": 0.0, "percent_statements_covered_display": "0"}, "missing_lines": [422], "excluded_lines": []}, "Satellite.create_navigation_satellite": {"executed_lines": [], "summary": {"covered_lines": 0, "num_statements": 18, "percent_covered": 0.0, "percent_covered_display": "0", "missing_lines": 18, "excluded_lines": 0, "percent_statements_covered": 0.0, "percent_statements_covered_display": "0"}, "missing_lines": [440, 441, 444, 445, 446, 449, 450, 451, 452, 453, 456, 457, 458, 459, 462, 465, 466, 467], "excluded_lines": []}, "": {"executed_lines": [1, 8, 10, 11, 12, 14, 17, 19, 20, 27, 30, 32, 33, 35, 40, 47, 50, 56, 60, 61, 81, 82, 111, 112, 116, 117, 118, 125, 137, 138, 169, 170, 176, 177, 220, 221, 224, 234, 241, 251, 261, 262, 286, 287, 317, 318, 335, 336, 338, 347, 368, 369, 388, 389, 419, 420, 424, 425], "summary": {"covered_lines": 52, "num_statements": 52, "percent_covered": 100.0, "percent_covered_display": "100", "missing_lines": 0, "excluded_lines": 2, "percent_statements_covered": 100.0, "percent_statements_covered_display": "100"}, "missing_lines": [], "excluded_lines": [14, 15]}}, "classes": {"Actor": {"executed_lines": [37, 38, 41, 43, 45, 48, 87, 88, 89, 90, 91, 93, 94, 96, 97, 98, 99, 100, 103, 104, 105, 106, 107, 108, 109], "summary": {"covered_lines": 25, "num_statements": 37, "percent_covered": 67.56756756756756, "percent_covered_display": "68", "missing_lines": 12, "excluded_lines": 0, "percent_statements_covered": 67.56756756756756, "percent_statements_covered_display": "68"}, "missing_lines": [42, 44, 53, 54, 58, 72, 73, 76, 77, 78, 79, 114], "excluded_lines": []}, "Actor.Meta": {"executed_lines": [], "summary": {"covered_lines": 0, "num_statements": 0, "percent_covered": 100.0, "percent_covered_display": "100", "missing_lines": 0, "excluded_lines": 0, "percent_statements_covered": 100.0, "percent_statements_covered_display": "100"}, "missing_lines": [], "excluded_lines": []}, "Pilot": {"executed_lines": [127, 128, 155, 156, 159, 160, 163, 164, 165, 166, 167, 172, 173, 174, 178, 179, 180, 181, 182, 184, 185, 187, 188, 189, 190, 191, 194, 195, 197, 198, 199, 200, 201, 202, 203, 206, 208, 209, 210, 211, 212, 214, 217, 218], "summary": {"covered_lines": 44, "num_statements": 44, "percent_covered": 100.0, "percent_covered_display": "100", "missing_lines": 0, "excluded_lines": 0, "percent_statements_covered": 100.0, "percent_statements_covered_display": "100"}, "missing_lines": [], "excluded_lines": []}, "Controller": {"executed_lines": [243, 274, 275, 276, 277, 280, 281, 282, 284, 288, 289, 290, 291, 292, 294, 295, 297, 298, 299, 300, 301, 304, 305, 307, 308, 309, 310, 311, 312, 313, 315, 329, 330, 333], "summary": {"covered_lines": 34, "num_statements": 35, "percent_covered": 97.14285714285714, "percent_covered_display": "97", "missing_lines": 1, "excluded_lines": 0, "percent_statements_covered": 97.14285714285714, "percent_statements_covered_display": "97"}, "missing_lines": [259], "excluded_lines": []}, "Satellite": {"executed_lines": [357, 360, 362, 363, 379, 380, 382, 383, 384, 386, 390, 391, 392, 393, 394, 396, 397, 399, 400, 401, 402, 403, 407, 408, 410, 411, 412, 413, 414, 417], "summary": {"covered_lines": 30, "num_statements": 51, "percent_covered": 58.8235294117647, "percent_covered_display": "59", "missing_lines": 21, "excluded_lines": 0, "percent_statements_covered": 58.8235294117647, "percent_statements_covered_display": "59"}, "missing_lines": [361, 366, 422, 440, 441, 444, 445, 446, 449, 450, 451, 452, 453, 456, 457, 458, 459, 462, 465, 466, 467], "excluded_lines": []}, "": {"executed_lines": [1, 8, 10, 11, 12, 14, 17, 19, 20, 27, 30, 32, 33, 35, 40, 47, 50, 56, 60, 61, 81, 82, 111, 112, 116, 117, 118, 125, 137, 138, 169, 170, 176, 177, 220, 221, 224, 234, 241, 251, 261, 262, 286, 287, 317, 318, 335, 336, 338, 347, 368, 369, 388, 389, 419, 420, 424, 425], "summary": {"covered_lines": 52, "num_statements": 52, "percent_covered": 100.0, "percent_covered_display": "100", "missing_lines": 0, "excluded_lines": 2, "percent_statements_covered": 100.0, "percent_statements_covered_display": "100"}, "missing_lines": [], "excluded_lines": [14, 15]}}}, "mysite\\universe\\models\\audio_profile.py": {"executed_lines": [1, 15, 17, 20, 21, 62, 72, 78, 79, 80, 81, 83, 84, 85, 87, 88, 107, 110, 139, 141, 142, 143, 144, 145, 147, 149, 150, 153, 155, 156, 157, 158, 159, 160, 161, 162, 163, 165, 166, 167, 170, 171, 172, 174, 176, 177, 178, 179, 180, 184, 185, 186, 188, 191, 192, 193, 196, 197, 198, 199, 200, 202, 203, 205, 215, 217, 227, 229, 238, 240, 250, 252, 253, 254, 255, 256, 257, 258, 260, 262, 263, 264, 265, 266, 268, 269, 270, 271, 272], "summary": {"covered_lines": 87, "num_statements": 87, "percent_covered": 100.0, "percent_covered_display": "100", "missing_lines": 0, "excluded_lines": 0, "percent_statements_covered": 100.0, "percent_statements_covered_display": "100"}, "missing_lines": [], "excluded_lines": [], "functions": {"AudioProfile.__str__": {"executed_lines": [84, 85], "summary": {"covered_lines": 2, "num_statements": 2, "percent_covered": 100.0, "percent_covered_display": "100", "missing_lines": 0, "excluded_lines": 0, "percent_statements_covered": 100.0, "percent_statements_covered_display": "100"}, "missing_lines": [], "excluded_lines": []}, "AudioProfile.create_default_for_actor": {"executed_lines": [107, 110, 139, 141, 142, 143, 144, 145, 147, 149, 150, 153, 155, 156, 157, 158, 159, 160, 161, 162, 163, 165, 166, 167, 170, 171, 172, 174, 176, 177, 178, 179, 180, 184, 185, 186, 188, 191, 192, 193, 196, 197, 198, 199, 200, 202, 203], "summary": {"covered_lines": 47, "num_statements": 47, "percent_covered": 100.0, "percent_covered_display": "100", "missing_lines": 0, "excluded_lines": 0, "percent_statements_covered": 100.0, "percent_statements_covered_display": "100"}, "missing_lines": [], "excluded_lines": []}, "AudioProfile.get_room_tone_params": {"executed_lines": [215], "summary": {"covered_lines": 1, "num_statements": 1, "percent_covered": 100.0, "percent_covered_display": "100", "missing_lines": 0, "excluded_lines": 0, "percent_statements_covered": 100.0, "percent_statements_covered_display": "100"}, "missing_lines": [], "excluded_lines": []}, "AudioProfile.get_static_params": {"executed_lines": [227], "summary": {"covered_lines": 1, "num_statements": 1, "percent_covered": 100.0, "percent_covered_display": "100", "missing_lines": 0, "excluded_lines": 0, "percent_statements_covered": 100.0, "percent_statements_covered_display": "100"}, "missing_lines": [], "excluded_lines": []}, "AudioProfile.get_quindar_params": {"executed_lines": [238], "summary": {"covered_lines": 1, "num_statements": 1, "percent_covered": 100.0, "percent_covered_display": "100", "missing_lines": 0, "excluded_lines": 0, "percent_statements_covered": 100.0, "percent_statements_covered_display": "100"}, "missing_lines": [], "excluded_lines": []}, "AudioProfile.get_voice_params": {"executed_lines": [250], "summary": {"covered_lines": 1, "num_statements": 1, "percent_covered": 100.0, "percent_covered_display": "100", "missing_lines": 0, "excluded_lines": 0, "percent_statements_covered": 100.0, "percent_statements_covered_display": "100"}, "missing_lines": [], "excluded_lines": []}, "AudioProfile.set_voice_template": {"executed_lines": [253, 254, 255, 256, 257, 258], "summary": {"covered_lines": 6, "num_statements": 6, "percent_covered": 100.0, "percent_covered_display": "100", "missing_lines": 0, "excluded_lines": 0, "percent_statements_covered": 100.0, "percent_statements_covered_display": "100"}, "missing_lines": [], "excluded_lines": []}, "AudioProfile.set_room_tone_wav": {"executed_lines": [262, 263, 264, 265, 266, 268, 269, 270, 271, 272], "summary": {"covered_lines": 10, "num_statements": 10, "percent_covered": 100.0, "percent_covered_display": "100", "missing_lines": 0, "excluded_lines": 0, "percent_statements_covered": 100.0, "percent_statements_covered_display": "100"}, "missing_lines": [], "excluded_lines": []}, "": {"executed_lines": [1, 15, 17, 20, 21, 62, 72, 78, 79, 80, 81, 83, 87, 88, 205, 217, 229, 240, 252, 260], "summary": {"covered_lines": 18, "num_statements": 18, "percent_covered": 100.0, "percent_covered_display": "100", "missing_lines": 0, "excluded_lines": 0, "percent_statements_covered": 100.0, "percent_statements_covered_display": "100"}, "missing_lines": [], "excluded_lines": []}}, "classes": {"AudioProfile": {"executed_lines": [84, 85, 107, 110, 139, 141, 142, 143, 144, 145, 147, 149, 150, 153, 155, 156, 157, 158, 159, 160, 161, 162, 163, 165, 166, 167, 170, 171, 172, 174, 176, 177, 178, 179, 180, 184, 185, 186, 188, 191, 192, 193, 196, 197, 198, 199, 200, 202, 203, 215, 227, 238, 250, 253, 254, 255, 256, 257, 258, 262, 263, 264, 265, 266, 268, 269, 270, 271, 272], "summary": {"covered_lines": 69, "num_statements": 69, "percent_covered": 100.0, "percent_covered_display": "100", "missing_lines": 0, "excluded_lines": 0, "percent_statements_covered": 100.0, "percent_statements_covered_display": "100"}, "missing_lines": [], "excluded_lines": []}, "AudioProfile.Meta": {"executed_lines": [], "summary": {"covered_lines": 0, "num_statements": 0, "percent_covered": 100.0, "percent_covered
[...]
 438, 439, 440], "summary": {"covered_lines": 136, "num_statements": 165, "percent_covered": 82.42424242424242, "percent_covered_display": "82", "missing_lines": 29, "excluded_lines": 0, "percent_statements_covered": 82.42424242424242, "percent_statements_covered_display": "82"}, "missing_lines": [49, 70, 76, 77, 78, 85, 86, 89, 96, 98, 100, 109, 233, 238, 239, 240, 257, 258, 325, 330, 331, 332, 353, 354, 355, 361, 366, 367, 443], "excluded_lines": [], "functions": {"BaseSerializer.__init__": {"executed_lines": [26, 27], "summary": {"covered_lines": 2, "num_statements": 2, "percent_covered": 100.0, "percent_covered_display": "100", "missing_lines": 0, "excluded_lines": 0, "percent_statements_covered": 100.0, "percent_statements_covered_display": "100"}, "missing_lines": [], "excluded_lines": []}, "BaseSerializer.get_base_details": {"executed_lines": [35, 40], "summary": {"covered_lines": 2, "num_statements": 2, "percent_covered": 100.0, "percent_covered_display": "100", "missing_lines": 0, "excluded_lines": 0, "percent_statements_covered": 100.0, "percent_statements_covered_display": "100"}, "missing_lines": [], "excluded_lines": []}, "BaseSerializer.serialize": {"executed_lines": [], "summary": {"covered_lines": 0, "num_statements": 1, "percent_covered": 0.0, "percent_covered_display": "0", "missing_lines": 1, "excluded_lines": 0, "percent_statements_covered": 0.0, "percent_statements_covered_display": "0"}, "missing_lines": [49], "excluded_lines": []}, "GalaxySerializer.serialize": {"executed_lines": [56, 58, 59, 61, 65], "summary": {"covered_lines": 5, "num_statements": 5, "percent_covered": 100.0, "percent_covered_display": "100", "missing_lines": 0, "excluded_lines": 0, "percent_statements_covered": 100.0, "percent_statements_covered_display": "100"}, "missing_lines": [], "excluded_lines": []}, "GalaxySerializer._get_choice_display": {"executed_lines": [69, 72, 73, 74, 75], "summary": {"covered_lines": 5, "num_statements": 9, "percent_covered": 55.55555555555556, "percent_covered_display": "56", "missing_lines": 4, "excluded_lines": 0, "percent_statements_covered": 55.55555555555556, "percent_statements_covered_display": "56"}, "missing_lines": [70, 76, 77, 78], "excluded_lines": []}, "StarSystemSerializer.serialize": {"executed_lines": [], "summary": {"covered_lines": 0, "num_statements": 3, "percent_covered": 0.0, "percent_covered_display": "0", "missing_lines": 3, "excluded_lines": 0, "percent_statements_covered": 0.0, "percent_statements_covered_display": "0"}, "missing_lines": [85, 86, 89], "excluded_lines": []}, "StarSerializer.serialize": {"executed_lines": [], "summary": {"covered_lines": 0, "num_statements": 4, "percent_covered": 0.0, "percent_covered_display": "0", "missing_lines": 4, "excluded_lines": 0, "percent_statements_covered": 0.0, "percent_statements_covered_display": "0"}, "missing_lines": [96, 98, 100, 109], "excluded_lines": []}, "PhysicalBodySerializer._get_physical_properties": {"executed_lines": [122, 123, 124, 127, 128, 129, 131], "summary": {"covered_lines": 7, "num_statements": 7, "percent_covered": 100.0, "percent_covered_display": "100", "missing_lines": 0, "excluded_lines": 0, "percent_statements_covered": 100.0, "percent_statements_covered_display": "100"}, "missing_lines": [], "excluded_lines": []}, "PhysicalBodySerializer._get_thermal_properties": {"executed_lines": [148, 149, 151], "summary": {"covered_lines": 3, "num_statements": 3, "percent_covered": 100.0, "percent_covered_display": "100", "missing_lines": 0, "excluded_lines": 0, "percent_statements_covered": 100.0, "percent_statements_covered_display": "100"}, "missing_lines": [], "excluded_lines": []}, "PhysicalBodySerializer._get_rotation_properties": {"executed_lines": [160, 161, 162, 164], "summary": {"covered_lines": 4, "num_statements": 4, "percent_covered": 100.0, "percent_covered_display": "100", "missing_lines": 0, "excluded_lines": 0, "percent_statements_covered": 100.0, "percent_statements_covered_display": "100"}, "missing_lines": [], "excluded_lines": []}, "PhysicalBodySerializer._get_atmosphere_properties": {"executed_lines": [174, 176], "summary": {"covered_lines": 2, "num_statements": 2, "percent_covered": 100.0, "percent_covered_display": "100", "missing_lines": 0, "excluded_lines": 0, "percent_statements_covered": 100.0, "percent_statements_covered_display": "100"}, "missing_lines": [], "excluded_lines": []}, "PlanetSerializer.serialize": {"executed_lines": [196, 199, 202, 205, 208, 209, 214, 222, 223, 224, 225, 226, 228], "summary": {"covered_lines": 13, "num_statements": 13, "percent_covered": 100.0, "percent_covered_display": "100", "missing_lines": 0, "excluded_lines": 0, "percent_statements_covered": 100.0, "percent_statements_covered_display": "100"}, "missing_lines": [], "excluded_lines": []}, "PlanetSerializer._get_type_display": {"executed_lines": [232, 235, 236, 237], "summary": {"covered_lines": 4, "num_statements": 8, "percent_covered": 50.0, "percent_covered_display": "50", "missing_lines": 4, "excluded_lines": 0, "percent_statements_covered": 50.0, "percent_statements_covered_display": "50"}, "missing_lines": [233, 238, 239, 240], "excluded_lines": []}, "PlanetSerializer._get_parent_body": {"executed_lines": [244, 245, 247, 248, 249, 250, 251, 252, 260], "summary": {"covered_lines": 9, "num_statements": 11, "percent_covered": 81.81818181818181, "percent_covered_display": "82", "missing_lines": 2, "excluded_lines": 0, "percent_statements_covered": 81.81818181818181, "percent_statements_covered_display": "82"}, "missing_lines": [257, 258], "excluded_lines": []}, "PlanetSerializer._get_orbital_properties": {"executed_lines": [264, 265, 266, 267, 269], "summary": {"covered_lines": 5, "num_statements": 5, "percent_covered": 100.0, "percent_covered_display": "100", "missing_lines": 0, "excluded_lines": 0, "percent_statements_covered": 100.0, "percent_statements_covered_display": "100"}, "missing_lines": [], "excluded_lines": []}, "MoonSerializer.serialize": {"executed_lines": [288, 291, 294, 297, 300, 301, 306, 314, 315, 316, 317, 318, 320], "summary": {"covered_lines": 13, "num_statements": 13, "percent_covered": 100.0, "percent_covered_display": "100", "missing_lines": 0, "excluded_lines": 0, "percent_statements_covered": 100.0, "percent_statements_covered_display": "100"}, "missing_lines": [], "excluded_lines": []}, "MoonSerializer._get_type_display": {"executed_lines": [324, 327, 328, 329], "summary": {"covered_lines": 4, "num_statements": 8, "percent_covered": 50.0, "percent_covered_display": "50", "missing_lines": 4, "excluded_lines": 0, "percent_statements_covered": 50.0, "percent_statements_covered_display": "50"}, "missing_lines": [325, 330, 331, 332], "excluded_lines": []}, "MoonSerializer._get_parent_body": {"executed_lines": [336, 337, 339, 340, 341, 342, 344, 345, 346, 347, 348, 369], "summary": {"covered_lines": 12, "num_statements": 18, "percent_covered": 66.66666666666667, "percent_covered_display": "67", "missing_lines": 6, "excluded_lines": 0, "percent_statements_covered": 66.66666666666667, "percent_statements_covered_display": "67"}, "missing_lines": [353, 354, 355, 361, 366, 367], "excluded_lines": []}, "MoonSerializer._get_orbital_properties": {"executed_lines": [373, 374, 375, 376, 378], "summary": {"covered_lines": 5, "num_statements": 5, "percent_covered": 100.0, "percent_covered_display": "100", "missing_lines": 0, "excluded_lines": 0, "percent_statements_covered": 100.0, "percent_statements_covered_display": "100"}, "missing_lines": [], "excluded_lines": []}, "StationSerializer.serialize": {"executed_lines": [398, 399, 404], "summary": {"covered_lines": 3, "num_statements": 3, "percent_covered": 100.0, "percent_covered_display": "100", "missing_lines": 0, "excluded_lines": 0, "percent_statements_covered": 100.0, "percent_statements_covered_display": "100"}, "missing_lines": [], "excluded_lines": []}, "get_serializer_for_instance": {"executed_lines": [432, 438, 439, 440], "summary": {"covered_lines": 4, "num_statements": 5, "percent_covered": 80.0, "percent_covered_display": "80", "missing_lines": 1, "excluded_lines": 0, "percent_statements_covered": 80.0, "percent_statements_covered_display": "80"}, "missing_lines": [443], "excluded_lines": []}, "": {"executed_lines": [1, 13, 15, 16, 17, 22, 23, 25, 33, 47, 52, 53, 55, 67, 81, 82, 84, 92, 93, 95, 112, 113, 120, 146, 158, 172, 192, 193, 195, 230, 242, 262, 284, 285, 287, 322, 334, 371, 394, 395, 397, 408, 418], "summary": {"covered_lines": 34, "num_statements": 34, "percent_covered": 100.0, "percent_covered_display": "100", "missing_lines": 0, "excluded_lines": 0, "percent_statements_covered": 100.0, "percent_statements_covered_display": "100"}, "missing_lines": [], "excluded_lines": []}}, "classes": {"BaseSerializer": {"executed_lines": [26, 27, 35, 40], "summary": {"covered_lines": 4, "num_statements": 5, "percent_covered": 80.0, "percent_covered_display": "80", "missing_lines": 1, "excluded_lines": 0, "percent_statements_covered": 80.0, "percent_statements_covered_display": "80"}, "missing_lines": [49], "excluded_lines": []}, "GalaxySerializer": {"executed_lines": [56, 58, 59, 61, 65, 69, 72, 73, 74, 75], "summary": {"covered_lines": 10, "num_statements": 14, "percent_covered": 71.42857142857143, "percent_covered_display": "71", "missing_lines": 4, "excluded_lines": 0, "percent_statements_covered": 71.42857142857143, "percent_statements_covered_display": "71"}, "missing_lines": [70, 76, 77, 78], "excluded_lines": []}, "StarSystemSerializer": {"executed_lines": [], "summary": {"covered_lines": 0, "num_statements": 3, "percent_covered": 0.0, "percent_covered_display": "0", "missing_lines": 3, "excluded_lines": 0, "percent_statements_covered": 0.0, "percent_statements_covered_display": "0"}, "missing_lines": [85, 86, 89], "excluded_lines": []}, "StarSerializer": {"executed_lines": [], "summary": {"covered_lines": 0, "num_statements": 4, "percent_covered": 0.0, "percent_covered_display": "0", "missing_lines": 4, "excluded_lines": 0, "percent_statements_covered": 0.0, "percent_statements_covered_display": "0"}, "missing_lines": [96, 98, 100, 109], "excluded_lines": []}, "PhysicalBodySerializer": {"executed_lines": [122, 123, 124, 127, 128, 129, 131, 148, 149, 151, 160, 161, 162, 164, 174, 176], "summary": {"covered_lines": 16, "num_statements": 16, "percent_covered": 100.0, "percent_covered_display": "100", "missing_lines": 0, "excluded_lines": 0, "percent_statements_covered": 100.0, "percent_statements_covered_display": "100"}, "missing_lines": [], "excluded_lines": []}, "PlanetSerializer": {"executed_lines": [196, 199, 202, 205, 208, 209, 214, 222, 223, 224, 225, 226, 228, 232, 235, 236, 237, 244, 245, 247, 248, 249, 250, 251, 252, 260, 264, 265, 266, 267, 269], "summary": {"covered_lines": 31, "num_statements": 37, "percent_covered": 83.78378378378379, "percent_covered_display": "84", "missing_lines": 6, "excluded_lines": 0, "percent_statements_covered": 83.78378378378379, "percent_statements_covered_display": "84"}, "missing_lines": [233, 238, 239, 240, 257, 258], "excluded_lines": []}, "MoonSerializer": {"executed_lines": [288, 291, 294, 297, 300, 301, 306, 314, 315, 316, 317, 318, 320, 324, 327, 328, 329, 336, 337, 339, 340, 341, 342, 344, 345, 346, 347, 348, 369, 373, 374, 375, 376, 378], "summary": {"covered_lines": 34, "num_statements": 44, "percent_covered": 77.27272727272727, "percent_covered_display": "77", "missing_lines": 10, "excluded_lines": 0, "percent_statements_covered": 77.27272727272727, "percent_statements_covered_display": "77"}, "missing_lines": [325, 330, 331, 332, 353, 354, 355, 361, 366, 367], "excluded_lines": []}, "StationSerializer": {"executed_lines": [398, 399, 404], "summary": {"covered_lines": 3, "num_statements": 3, "percent_covered": 100.0, "percent_covered_display": "100", "missing_lines": 0, "excluded_lines": 0, "percent_statements_covered": 100.0, "percent_statements_covered_display": "100"}, "missing_lines": [], "excluded_lines": []}, "": {"executed_lines": [1, 13, 15, 16, 17, 22, 23, 25, 33, 47, 52, 53, 55, 67, 81, 82, 84, 92, 93, 95, 112, 113, 120, 146, 158, 172, 192, 193, 195, 230, 242, 262, 284, 285, 287, 322, 334, 371, 394, 395, 397, 408, 418, 432, 438, 439, 440], "summary": {"covered_lines": 38, "num_statements": 39, "percent_covered": 97.43589743589743, "percent_covered_display": "97", "missing_lines": 1, "excluded_lines": 0, "percent_statements_covered": 97.43589743589743, "percent_statements_covered_display": "97"}, "missing_lines": [443], "excluded_lines": []}}}, "mysite\\universe\\views\\simulation.py": {"executed_lines": [1, 9, 10, 11, 13, 14, 15, 17, 18, 20, 23, 24, 25, 40, 41, 42, 44, 45, 51, 52, 54, 59, 60, 66, 67, 68, 78, 81, 85, 86, 94, 95, 99, 100, 101, 102, 103, 106, 108, 112, 116, 124, 125, 126, 133, 135, 143, 144, 145], "summary": {"covered_lines": 48, "num_statements": 70, "percent_covered": 68.57142857142857, "percent_covered_display": "69", "missing_lines": 22, "excluded_lines": 0, "percent_statements_covered": 68.57142857142857, "percent_statements_covered_display": "69"}, "missing_lines": [155, 156, 157, 158, 160, 164, 165, 166, 167, 172, 176, 177, 181, 182, 189, 194, 200, 201, 205, 206, 211, 216], "excluded_lines": [], "functions": {"set_time_scale": {"executed_lines": [40, 41, 42, 44, 45, 51, 52, 54, 59, 60], "summary": {"covered_lines": 10, "num_statements": 10, "percent_covered": 100.0, "percent_covered_display": "100", "missing_lines": 0, "excluded_lines": 0, "percent_statements_covered": 100.0, "percent_statements_covered_display": "100"}, "missing_lines": [], "excluded_lines": []}, "skip_to_next_event": {"executed_lines": [78, 81, 85, 86, 94, 95, 99, 100, 101, 102, 103, 106, 108, 112, 116], "summary": {"covered_lines": 15, "num_statements": 15, "percent_covered": 100.0, "percent_covered_display": "100", "missing_lines": 0, "excluded_lines": 0, "percent_statements_covered": 100.0, "percent_statements_covered_display": "100"}, "missing_lines": [], "excluded_lines": []}, "get_simulation_status": {"executed_lines": [133, 135], "summary": {"covered_lines": 2, "num_statements": 2, "percent_covered": 100.0, "percent_covered_display": "100", "missing_lines": 0, "excluded_lines": 0, "percent_statements_covered": 100.0, "percent_statements_covered_display": "100"}, "missing_lines": [], "excluded_lines": []}, "health_check": {"executed_lines": [], "summary": {"covered_lines": 0, "num_statements": 22, "percent_covered": 0.0, "percent_covered_display": "0", "missing_lines": 22, "excluded_lines": 0, "percent_statements_covered": 0.0, "percent_statements_covered_display": "0"}, "missing_lines": [155, 156, 157, 158, 160, 164, 165, 166, 167, 172, 176, 177, 181, 182, 189, 194, 200, 201, 205, 206, 211, 216], "excluded_lines": []}, "": {"executed_lines": [1, 9, 10, 11, 13, 14, 15, 17, 18, 20, 23, 24, 25, 66, 67, 68, 124, 125, 126, 143, 144, 145], "summary": {"covered_lines": 21, "num_statements": 21, "percent_covered": 100.0, "percent_covered_display": "100", "missing_lines": 0, "excluded_lines": 0, "percent_statements_covered": 100.0, "percent_statements_covered_display": "100"}, "missing_lines": [], "excluded_lines": []}}, "classes": {"": {"executed_lines": [1, 9, 10, 11, 13, 14, 15, 17, 18, 20, 23, 24, 25, 40, 41, 42, 44, 45, 51, 52, 54, 59, 60, 66, 67, 68, 78, 81, 85, 86, 94, 95, 99, 100, 101, 102, 103, 106, 108, 112, 116, 124, 125, 126, 133, 135, 143, 144, 145], "summary": {"covered_lines": 48, "num_statements": 70, "percent_covered": 68.57142857142857, "percent_covered_display": "69", "missing_lines": 22, "excluded_lines": 0, "percent_statements_covered": 68.57142857142857, "percent_statements_covered_display": "69"}, "missing_lines": [155, 156, 157, 158, 160, 164, 165, 166, 167, 172, 176, 177, 181, 182, 189, 194, 200, 201, 205, 206, 211, 216], "excluded_lines": []}}}, "mysite\\universe\\views\\universe.py": {"executed_lines": [1, 8, 10, 11, 13, 16, 18, 22, 32, 39, 40, 43, 58, 60, 61, 62, 64, 65, 68, 69, 71, 73, 74, 75], "summary": {"covered_lines": 23, "num_statements": 23, "percent_covered": 100.0, "percent_covered_display": "100", "missing_lines": 0, "excluded_lines": 0, "percent_statements_covered": 100.0, "percent_statements_covered_display": "100"}, "missing_lines": [], "excluded_lines": [], "functions": {"universe_view": {"executed_lines": [39, 40], "summary": {"covered_lines": 2, "num_statements": 2, "percent_covered": 100.0, "percent_covered_display": "100", "missing_lines": 0, "excluded_lines": 0, "percent_statements_covered": 100.0, "percent_statements_covered_display": "100"}, "missing_lines": [], "excluded_lines": []}, "object_details": {"executed_lines": [58, 60, 61, 62, 64, 65, 68, 69, 71, 73, 74, 75], "summary": {"covered_lines": 12, "num_statements": 12, "percent_covered": 100.0, "percent_covered_display": "100", "missing_lines": 0, "excluded_lines": 0, "percent_statements_covered": 100.0, "percent_statements_covered_display": "100"}, "missing_lines": [], "excluded_lines": []}, "": {"executed_lines": [1, 8, 10, 11, 13, 16, 18, 22, 32, 43], "summary": {"covered_lines": 9, "num_statements": 9, "percent_covered": 100.0, "percent_covered_display": "100", "missing_lines": 0, "excluded_lines": 0, "percent_statements_covered": 100.0, "percent_statements_covered_display": "100"}, "missing_lines": [], "excluded_lines": []}}, "classes": {"": {"executed_lines": [1, 8, 10, 11, 13, 16, 18, 22, 32, 39, 40, 43, 58, 60, 61, 62, 64, 65, 68, 69, 71, 73, 74, 75], "summary": {"covered_lines": 23, "num_statements": 23, "percent_covered": 100.0, "percent_covered_display": "100", "missing_lines": 0, "excluded_lines": 0, "percent_statements_covered": 100.0, "percent_statements_covered_display": "100"}, "missing_lines": [], "excluded_lines": []}}}, "mysite\\urls.py": {"executed_lines": [1, 2, 3, 4, 5, 7], "summary": {"covered_lines": 6, "num_statements": 6, "percent_covered": 100.0, "percent_covered_display": "100", "missing_lines": 0, "excluded_lines": 0, "percent_statements_covered": 100.0, "percent_statements_covered_display": "100"}, "missing_lines": [], "excluded_lines": [], "functions": {"": {"executed_lines": [1, 2, 3, 4, 5, 7], "summary": {"covered_lines": 6, "num_statements": 6, "percent_covered": 100.0, "percent_covered_display": "100", "missing_lines": 0, "excluded_lines": 0, "percent_statements_covered": 100.0, "percent_statements_covered_display": "100"}, "missing_lines": [], "excluded_lines": []}}, "classes": {"": {"executed_lines": [1, 2, 3, 4, 5, 7], "summary": {"covered_lines": 6, "num_statements": 6, "percent_covered": 100.0, "percent_covered_display": "100", "missing_lines": 0, "excluded_lines": 0, "percent_statements_covered": 100.0, "percent_statements_covered_display": "100"}, "missing_lines": [], "excluded_lines": []}}}, "mysite\\wsgi.py": {"executed_lines": [], "summary": {"covered_lines": 0, "num_statements": 4, "percent_covered": 0.0, "percent_covered_display": "0", "missing_lines": 4, "excluded_lines": 0, "percent_statements_covered": 0.0, "percent_statements_covered_display": "0"}, "missing_lines": [10, 11, 13, 15], "excluded_lines": [], "functions": {"": {"executed_lines": [], "summary": {"covered_lines": 0, "num_statements": 4, "percent_covered": 0.0, "percent_covered_display": "0", "missing_lines": 4, "excluded_lines": 0, "percent_statements_covered": 0.0, "percent_statements_covered_display": "0"}, "missing_lines": [10, 11, 13, 15], "excluded_lines": []}}, "classes": {"": {"executed_lines": [], "summary": {"covered_lines": 0, "num_statements": 4, "percent_covered": 0.0, "percent_covered_display": "0", "missing_lines": 4, "excluded_lines": 0, "percent_statements_covered": 0.0, "percent_statements_covered_display": "0"}, "missing_lines": [10, 11, 13, 15], "excluded_lines": []}}}}, "totals": {"covered_lines": 5200, "num_statements": 6125, "percent_covered": 84.89795918367346, "percent_covered_display": "85", "missing_lines": 925, "excluded_lines": 6, "percent_statements_covered": 84.89795918367346, "percent_statements_covered_display": "85"}}